Using pre-set license
Built from '2020.3/staging' branch; Version is '2020.3.13f1 (71691879b7f5) revision 7432472'; Using compiler version '192528614'; Build Type 'Release'
OS: 'Windows 10 Pro; OS build 19043.1200; Version 2009; 64bit' Language: 'ru' Physical Memory: 8010 MB
BatchMode: 1, IsHumanControllingUs: 0, StartBugReporterOnCrash: 0, Is64bit: 1, IsPro: 0

 COMMAND LINE ARGUMENTS:
C:\Program Files\Unity\Hub\Editor\2020.3.13f1\Editor\Unity.exe
-adb2
-batchMode
-noUpm
-name
AssetImportWorker0
-projectPath
C:/Users/larje/Documents/UnityProjects/ThunderNinja
-logFile
Logs/AssetImportWorker0.log
-srvPort
53269
Successfully changed project path to: C:/Users/larje/Documents/UnityProjects/ThunderNinja
C:/Users/larje/Documents/UnityProjects/ThunderNinja
Using Asset Import Pipeline V2.
Refreshing native plugins compatible for Editor in 352.09 ms, found 2 plugins.
Preloading 0 native plugins for Editor in 0.00 ms.
Initialize engine version: 2020.3.13f1 (71691879b7f5)
[Subsystems] Discovering subsystems at path C:/Program Files/Unity/Hub/Editor/2020.3.13f1/Editor/Data/Resources/UnitySubsystems
[Subsystems] Discovering subsystems at path C:/Users/larje/Documents/UnityProjects/ThunderNinja/Assets
GfxDevice: creating device client; threaded=0
Direct3D:
    Version:  Direct3D 11.0 [level 11.1]
    Renderer: NVIDIA GeForce GTX 1650 (ID=0x1f99)
    Vendor:   
    VRAM:     3962 MB
    Driver:   30.0.14.9729
Shader 'Universal Render Pipeline/Particles/Lit': fallback shader 'Universal Render Pipeline/Particles/SimpleLit' not found
Initialize mono
Mono path[0] = 'C:/Program Files/Unity/Hub/Editor/2020.3.13f1/Editor/Data/Managed'
Mono path[1] = 'C:/Program Files/Unity/Hub/Editor/2020.3.13f1/Editor/Data/MonoBleedingEdge/lib/mono/unityjit'
Mono config path = 'C:/Program Files/Unity/Hub/Editor/2020.3.13f1/Editor/Data/MonoBleedingEdge/etc'
Using monoOptions --debugger-agent=transport=dt_socket,embedding=1,server=y,suspend=n,address=127.0.0.1:56596
Begin MonoManager ReloadAssembly
Registering precompiled unity dll's ...
Register platform support module: C:/Program Files/Unity/Hub/Editor/2020.3.13f1/Editor/Data/PlaybackEngines/WindowsStandaloneSupport/UnityEditor.WindowsStandalone.Extensions.dll
Registered in 0.001063 seconds.
Native extension for WindowsStandalone target not found
Refreshing native plugins compatible for Editor in 114.95 ms, found 2 plugins.
Preloading 0 native plugins for Editor in 0.00 ms.
Mono: successfully reloaded assembly
- Completed reload, in  1.978 seconds
Platform modules already initialized, skipping
Registering precompiled user dll's ...
Registered in 0.004293 seconds.
Begin MonoManager ReloadAssembly
Native extension for WindowsStandalone target not found
Refreshing native plugins compatible for Editor in 114.10 ms, found 2 plugins.
Preloading 0 native plugins for Editor in 0.00 ms.
Animancer.Lite.dll was compiled for Unity 2019.4+ but the correct target for this version of Unity would be 2020.1+.
You should download the appropriate version of Animancer from https://kybernetik.com.au/animancer/lite
Or you could ignore this warning and delete this file to disable it, but then some features might not work correctly.
UnityEngine.StackTraceUtility:ExtractStackTrace ()
UnityEngine.DebugLogHandler:LogFormat (UnityEngine.LogType,UnityEngine.Object,string,object[])
UnityEngine.Logger:Log (UnityEngine.LogType,object)
UnityEngine.Debug:LogWarning (object)
Animancer.Editor.UnityVersionChecker:.cctor () (at Assets/Plugins/Animancer/Internal/Editor/ReadMe.cs:741)
System.Runtime.CompilerServices.RuntimeHelpers:RunClassConstructor (System.RuntimeTypeHandle)
UnityEditor.EditorAssemblies:ProcessInitializeOnLoadAttributes (System.Type[])

(Filename: Assets/Plugins/Animancer/Internal/Editor/ReadMe.cs Line: 741)

Mono: successfully reloaded assembly
- Completed reload, in  1.175 seconds
Platform modules already initialized, skipping
========================================================================
Worker process is ready to serve import requests
Shader 'Universal Render Pipeline/Particles/Lit': fallback shader 'Universal Render Pipeline/Particles/SimpleLit' not found
Launched and connected shader compiler UnityShaderCompiler.exe after 0.02 seconds
Refreshing native plugins compatible for Editor in 1.25 ms, found 2 plugins.
Preloading 0 native plugins for Editor in 0.00 ms.
Unloading 3667 Unused Serialized files (Serialized files now loaded: 0)
System memory in use before: 208.7 MB.
System memory in use after: 208.9 MB.

Unloading 27 unused Assets to reduce memory usage. Loaded Objects now: 4120.
Total: 3.062000 ms (FindLiveObjects: 0.360200 ms CreateObjectMapping: 0.184900 ms MarkObjects: 2.341700 ms  DeleteObjects: 0.174500 ms)

AssetImportParameters requested are different than current active one (requested -> active):
  custom:framework-win-MediaFoundation: 216162199b28c13a410421893ffa2e32 -> 
  custom:video-decoder-ogg-theora: a1e56fd34408186e4bbccfd4996cb3dc -> 
  custom:container-muxer-webm: aa71ff27fc2769a1b78a27578f13a17b -> 
  custom:container-demuxer-webm: 4f35f7cbe854078d1ac9338744f61a02 -> 
  custom:container-demuxer-ogg: 62fdf1f143b41e24485cea50d1cbac27 -> 
  custom:video-encoder-webm-vp8: eb34c28f22e8b96e1ab97ce403110664 -> 
  custom:video-decoder-webm-vp8: 9c59270c3fd7afecdb556c50c9e8de78 -> 
  custom:audio-decoder-ogg-vorbis: bf7c407c2cedff20999df2af8eb42d56 -> 
  custom:audio-encoder-webm-vorbis: bf7c407c2cedff20999df2af8eb42d56 -> 
========================================================================
Received Import Request.
  path: Assets/Prefabs/Lamp.prefab
  artifactKey: Guid(46eb3388c43e8f04587bddd6daec060e) Importer(815301076,1909f56bfc062723c751e8b465ee728b)
Start importing Assets/Prefabs/Lamp.prefab using Guid(46eb3388c43e8f04587bddd6daec060e) Importer(815301076,1909f56bfc062723c751e8b465ee728b)  -> (artifact id: 'e3eda32fc0dd85756d4f6f9c42174ea3') in 0.409481 seconds 
  Import took 0.418017 seconds .

========================================================================
Received Import Request.
  Time since last request: 204.999622 seconds.
  path: Assets/Visual/Materials/Casual/Enemy.mat
  artifactKey: Guid(b50dfffd1ef779b44900723f7fe6f91e) Importer(815301076,1909f56bfc062723c751e8b465ee728b)
Start importing Assets/Visual/Materials/Casual/Enemy.mat using Guid(b50dfffd1ef779b44900723f7fe6f91e) Importer(815301076,1909f56bfc062723c751e8b465ee728b)  -> (artifact id: 'd338c3e95bb6ffb25aad5e865359c3a5') in 0.063407 seconds 
  Import took 0.074504 seconds .

========================================================================
Received Import Request.
  Time since last request: 0.000177 seconds.
  path: Assets/Visual/Materials/Casual/Player.mat
  artifactKey: Guid(215809b8cc3050e4796a4ad6ebf7290d) Importer(815301076,1909f56bfc062723c751e8b465ee728b)
Start importing Assets/Visual/Materials/Casual/Player.mat using Guid(215809b8cc3050e4796a4ad6ebf7290d) Importer(815301076,1909f56bfc062723c751e8b465ee728b)  -> (artifact id: '11454a172360e0f4a6546bfef4a867c8') in 0.008669 seconds 
  Import took 0.018392 seconds .

========================================================================
Received Prepare
Registering precompiled user dll's ...
Registered in 0.005814 seconds.
Begin MonoManager ReloadAssembly
Native extension for WindowsStandalone target not found
Refreshing native plugins compatible for Editor in 1.36 ms, found 2 plugins.
Preloading 0 native plugins for Editor in 0.00 ms.
Mono: successfully reloaded assembly
- Completed reload, in  1.252 seconds
Platform modules already initialized, skipping
Switching build target platform(19) subTarget(0) extendedPlatform(0) -> platform(13) subTarget(537395200) extendedPlatform(0)
Shader 'Universal Render Pipeline/Particles/Lit': fallback shader 'Universal Render Pipeline/Particles/SimpleLit' not found
Refreshing native plugins compatible for Editor in 2.76 ms, found 2 plugins.
Preloading 0 native plugins for Editor in 0.00 ms.
Unloading 3441 Unused Serialized files (Serialized files now loaded: 0)
System memory in use before: 189.5 MB.
System memory in use after: 189.7 MB.

Unloading 23 unused Assets to reduce memory usage. Loaded Objects now: 4201.
Total: 5.385200 ms (FindLiveObjects: 0.643800 ms CreateObjectMapping: 0.268300 ms MarkObjects: 4.343900 ms  DeleteObjects: 0.127300 ms)

AssetImportParameters requested are different than current active one (requested -> active):
  custom:framework-win-MediaFoundation: 216162199b28c13a410421893ffa2e32 -> 
  custom:video-decoder-ogg-theora: a1e56fd34408186e4bbccfd4996cb3dc -> 
  custom:container-muxer-webm: aa71ff27fc2769a1b78a27578f13a17b -> 
  custom:container-demuxer-webm: 4f35f7cbe854078d1ac9338744f61a02 -> 
  custom:container-demuxer-ogg: 62fdf1f143b41e24485cea50d1cbac27 -> 
  custom:video-encoder-webm-vp8: eb34c28f22e8b96e1ab97ce403110664 -> 
  custom:video-decoder-webm-vp8: 9c59270c3fd7afecdb556c50c9e8de78 -> 
  custom:graphics/normal-map-encoding: 01000000000000000000000000000000 -> 02000000000000000000000000000000
  custom:audio-decoder-ogg-vorbis: bf7c407c2cedff20999df2af8eb42d56 -> 
  custom:audio-encoder-webm-vorbis: bf7c407c2cedff20999df2af8eb42d56 -> 
========================================================================
Received Import Request.
  Time since last request: 57.481791 seconds.
  path: Assets/Visual/Materials/Default/Building_2.mat
  artifactKey: Guid(ce8ffe6bfbcc2b6498aa45adc853a658) Importer(815301076,1909f56bfc062723c751e8b465ee728b)
Start importing Assets/Visual/Materials/Default/Building_2.mat using Guid(ce8ffe6bfbcc2b6498aa45adc853a658) Importer(815301076,1909f56bfc062723c751e8b465ee728b)  -> (artifact id: '194b9b54af80118f1639f1542f805d18') in 0.261734 seconds 
  Import took 0.272604 seconds .

========================================================================
Received Import Request.
  Time since last request: 92.413460 seconds.
  path: Assets/Visual/Materials/Default/Building_2.mat
  artifactKey: Guid(ce8ffe6bfbcc2b6498aa45adc853a658) Importer(815301076,1909f56bfc062723c751e8b465ee728b)
Start importing Assets/Visual/Materials/Default/Building_2.mat using Guid(ce8ffe6bfbcc2b6498aa45adc853a658) Importer(815301076,1909f56bfc062723c751e8b465ee728b)  -> (artifact id: '11a1aa4851c5af8d62be2d521374d2d5') in 0.011277 seconds 
  Import took 0.018784 seconds .

========================================================================
Received Import Request.
  Time since last request: 524.558620 seconds.
  path: Assets/Settings
  artifactKey: Guid(0735c275001a2c84dafdb30deced5d8d) Importer(815301076,1909f56bfc062723c751e8b465ee728b)
Start importing Assets/Settings using Guid(0735c275001a2c84dafdb30deced5d8d) Importer(815301076,1909f56bfc062723c751e8b465ee728b)  -> (artifact id: '93acb47a41d734d0e1a9166c2e42237b') in 0.002024 seconds 
  Import took 0.010291 seconds .

========================================================================
Received Import Request.
  Time since last request: 0.000451 seconds.
  path: Assets/Settings
  artifactKey: Guid(0735c275001a2c84dafdb30deced5d8d) Importer(815301076,1909f56bfc062723c751e8b465ee728b)
Start importing Assets/Settings using Guid(0735c275001a2c84dafdb30deced5d8d) Importer(815301076,1909f56bfc062723c751e8b465ee728b)  -> (artifact id: '93acb47a41d734d0e1a9166c2e42237b') in 0.001162 seconds 
  Import took 0.009225 seconds .

========================================================================
Received Import Request.
  Time since last request: 0.806317 seconds.
  path: Assets/Settings/URP
  artifactKey: Guid(0c104a290dd28bf4d96f00faf8c834ac) Importer(815301076,1909f56bfc062723c751e8b465ee728b)
Start importing Assets/Settings/URP using Guid(0c104a290dd28bf4d96f00faf8c834ac) Importer(815301076,1909f56bfc062723c751e8b465ee728b)  -> (artifact id: '56324970f45b2777934330608591dec8') in 0.001815 seconds 
  Import took 0.010341 seconds .

========================================================================
Received Import Request.
  Time since last request: 0.000521 seconds.
  path: Assets/Settings/URP
  artifactKey: Guid(0c104a290dd28bf4d96f00faf8c834ac) Importer(815301076,1909f56bfc062723c751e8b465ee728b)
Start importing Assets/Settings/URP using Guid(0c104a290dd28bf4d96f00faf8c834ac) Importer(815301076,1909f56bfc062723c751e8b465ee728b)  -> (artifact id: '56324970f45b2777934330608591dec8') in 0.001107 seconds 
  Import took 0.009037 seconds .

========================================================================
Received Import Request.
  Time since last request: 0.071373 seconds.
  path: Assets/Settings/URP/SampleSceneProfile.asset
  artifactKey: Guid(10fc4df2da32a41aaa32d77bc913491c) Importer(815301076,1909f56bfc062723c751e8b465ee728b)
Start importing Assets/Settings/URP/SampleSceneProfile.asset using Guid(10fc4df2da32a41aaa32d77bc913491c) Importer(815301076,1909f56bfc062723c751e8b465ee728b)  -> (artifact id: 'aa3dc9c7e3100f06879913c653053e24') in 0.006503 seconds 
  Import took 0.013556 seconds .

========================================================================
Received Import Request.
  Time since last request: 50.991914 seconds.
  path: ProjectSettings/TagManager.asset
  artifactKey: Guid(00000000000000003000000000000000) Importer(815301076,1909f56bfc062723c751e8b465ee728b)
Start importing ProjectSettings/TagManager.asset using Guid(00000000000000003000000000000000) Importer(815301076,1909f56bfc062723c751e8b465ee728b)  -> (artifact id: '7444bb79b99369684bbd30f81eb0fc80') in 0.001587 seconds 
  Import took 0.010145 seconds .

========================================================================
Received Import Request.
  Time since last request: 83.768665 seconds.
  path: Assets/Settings/URP/ForwardRenderer.asset
  artifactKey: Guid(4a8e21d5c33334b11b34a596161b9360) Importer(815301076,1909f56bfc062723c751e8b465ee728b)
Start importing Assets/Settings/URP/ForwardRenderer.asset using Guid(4a8e21d5c33334b11b34a596161b9360) Importer(815301076,1909f56bfc062723c751e8b465ee728b)  -> (artifact id: '7af9b2513f7c69b23dee1145610715ea') in 0.004546 seconds 
  Import took 0.012962 seconds .

========================================================================
Received Import Request.
  Time since last request: 4.594386 seconds.
  path: Assets/Settings/URP/ForwardRenderer.asset
  artifactKey: Guid(4a8e21d5c33334b11b34a596161b9360) Importer(815301076,1909f56bfc062723c751e8b465ee728b)
Start importing Assets/Settings/URP/ForwardRenderer.asset using Guid(4a8e21d5c33334b11b34a596161b9360) Importer(815301076,1909f56bfc062723c751e8b465ee728b)  -> (artifact id: '52d133d0a171dec4f2b3ac9fcfc3c09c') in 0.002934 seconds 
  Import took 0.009867 seconds .

========================================================================
Received Import Request.
  Time since last request: 0.008573 seconds.
  path: Assets/Settings/URP/ForwardRenderer.asset
  artifactKey: Guid(4a8e21d5c33334b11b34a596161b9360) Importer(815301076,1909f56bfc062723c751e8b465ee728b)
Start importing Assets/Settings/URP/ForwardRenderer.asset using Guid(4a8e21d5c33334b11b34a596161b9360) Importer(815301076,1909f56bfc062723c751e8b465ee728b)  -> (artifact id: '52d133d0a171dec4f2b3ac9fcfc3c09c') in 0.002401 seconds 
  Import took 0.008490 seconds .

========================================================================
Received Import Request.
  Time since last request: 4.548302 seconds.
  path: Assets/Settings/URP/ForwardRenderer.asset
  artifactKey: Guid(4a8e21d5c33334b11b34a596161b9360) Importer(815301076,1909f56bfc062723c751e8b465ee728b)
Start importing Assets/Settings/URP/ForwardRenderer.asset using Guid(4a8e21d5c33334b11b34a596161b9360) Importer(815301076,1909f56bfc062723c751e8b465ee728b)  -> (artifact id: '481d7d35c31e64db94ce6ad2d222a612') in 0.002271 seconds 
  Import took 0.009216 seconds .

========================================================================
Received Import Request.
  Time since last request: 0.013483 seconds.
  path: Assets/Settings/URP/ForwardRenderer.asset
  artifactKey: Guid(4a8e21d5c33334b11b34a596161b9360) Importer(815301076,1909f56bfc062723c751e8b465ee728b)
Start importing Assets/Settings/URP/ForwardRenderer.asset using Guid(4a8e21d5c33334b11b34a596161b9360) Importer(815301076,1909f56bfc062723c751e8b465ee728b)  -> (artifact id: '481d7d35c31e64db94ce6ad2d222a612') in 0.002335 seconds 
  Import took 0.008515 seconds .

========================================================================
Received Import Request.
  Time since last request: 10.500620 seconds.
  path: Assets/Settings/URP/ForwardRenderer.asset
  artifactKey: Guid(4a8e21d5c33334b11b34a596161b9360) Importer(815301076,1909f56bfc062723c751e8b465ee728b)
Start importing Assets/Settings/URP/ForwardRenderer.asset using Guid(4a8e21d5c33334b11b34a596161b9360) Importer(815301076,1909f56bfc062723c751e8b465ee728b)  -> (artifact id: '91505cb7cefb54675bf54970e401fcfa') in 0.002384 seconds 
  Import took 0.009732 seconds .

========================================================================
Received Import Request.
  Time since last request: 260.657350 seconds.
  path: Assets/Settings/URP/ForwardRenderer.asset
  artifactKey: Guid(4a8e21d5c33334b11b34a596161b9360) Importer(815301076,1909f56bfc062723c751e8b465ee728b)
Start importing Assets/Settings/URP/ForwardRenderer.asset using Guid(4a8e21d5c33334b11b34a596161b9360) Importer(815301076,1909f56bfc062723c751e8b465ee728b)  -> (artifact id: '72049f1c435a79eee5cb6a65ece9e142') in 0.002965 seconds 
  Import took 0.010270 seconds .

========================================================================
Received Prepare
Registering precompiled user dll's ...
Registered in 0.023204 seconds.
Begin MonoManager ReloadAssembly
Native extension for WindowsStandalone target not found
Refreshing native plugins compatible for Editor in 1.31 ms, found 2 plugins.
Preloading 0 native plugins for Editor in 0.00 ms.
Mono: successfully reloaded assembly
- Completed reload, in  0.995 seconds
Platform modules already initialized, skipping
Switching build target platform(19) subTarget(0) extendedPlatform(0) -> platform(13) subTarget(537395200) extendedPlatform(0)
Shader 'Universal Render Pipeline/Particles/Lit': fallback shader 'Universal Render Pipeline/Particles/SimpleLit' not found
Refreshing native plugins compatible for Editor in 1.24 ms, found 2 plugins.
Preloading 0 native plugins for Editor in 0.00 ms.
Unloading 3441 Unused Serialized files (Serialized files now loaded: 0)
System memory in use before: 189.7 MB.
System memory in use after: 189.9 MB.

Unloading 24 unused Assets to reduce memory usage. Loaded Objects now: 4240.
Total: 3.096800 ms (FindLiveObjects: 0.326200 ms CreateObjectMapping: 0.189200 ms MarkObjects: 2.426600 ms  DeleteObjects: 0.154100 ms)

AssetImportParameters requested are different than current active one (requested -> active):
  custom:framework-win-MediaFoundation: 216162199b28c13a410421893ffa2e32 -> 
  custom:video-decoder-ogg-theora: a1e56fd34408186e4bbccfd4996cb3dc -> 
  custom:container-muxer-webm: aa71ff27fc2769a1b78a27578f13a17b -> 
  custom:container-demuxer-webm: 4f35f7cbe854078d1ac9338744f61a02 -> 
  custom:container-demuxer-ogg: 62fdf1f143b41e24485cea50d1cbac27 -> 
  custom:video-encoder-webm-vp8: eb34c28f22e8b96e1ab97ce403110664 -> 
  custom:video-decoder-webm-vp8: 9c59270c3fd7afecdb556c50c9e8de78 -> 
  custom:graphics/normal-map-encoding: 01000000000000000000000000000000 -> 02000000000000000000000000000000
  custom:audio-decoder-ogg-vorbis: bf7c407c2cedff20999df2af8eb42d56 -> 
  custom:audio-encoder-webm-vorbis: bf7c407c2cedff20999df2af8eb42d56 -> 
========================================================================
Received Prepare
Registering precompiled user dll's ...
Registered in 0.005194 seconds.
Begin MonoManager ReloadAssembly
Native extension for WindowsStandalone target not found
Refreshing native plugins compatible for Editor in 1.25 ms, found 2 plugins.
Preloading 0 native plugins for Editor in 0.00 ms.
Mono: successfully reloaded assembly
- Completed reload, in  0.993 seconds
Platform modules already initialized, skipping
Switching build target platform(19) subTarget(0) extendedPlatform(0) -> platform(13) subTarget(537395200) extendedPlatform(0)
Shader 'Universal Render Pipeline/Particles/Lit': fallback shader 'Universal Render Pipeline/Particles/SimpleLit' not found
Refreshing native plugins compatible for Editor in 1.43 ms, found 2 plugins.
Preloading 0 native plugins for Editor in 0.00 ms.
Unloading 3441 Unused Serialized files (Serialized files now loaded: 0)
System memory in use before: 189.8 MB.
System memory in use after: 190.0 MB.

Unloading 23 unused Assets to reduce memory usage. Loaded Objects now: 4243.
Total: 2.977700 ms (FindLiveObjects: 0.352800 ms CreateObjectMapping: 0.192600 ms MarkObjects: 2.280700 ms  DeleteObjects: 0.150800 ms)

AssetImportParameters requested are different than current active one (requested -> active):
  custom:framework-win-MediaFoundation: 216162199b28c13a410421893ffa2e32 -> 
  custom:video-decoder-ogg-theora: a1e56fd34408186e4bbccfd4996cb3dc -> 
  custom:container-muxer-webm: aa71ff27fc2769a1b78a27578f13a17b -> 
  custom:container-demuxer-webm: 4f35f7cbe854078d1ac9338744f61a02 -> 
  custom:container-demuxer-ogg: 62fdf1f143b41e24485cea50d1cbac27 -> 
  custom:video-encoder-webm-vp8: eb34c28f22e8b96e1ab97ce403110664 -> 
  custom:video-decoder-webm-vp8: 9c59270c3fd7afecdb556c50c9e8de78 -> 
  custom:graphics/normal-map-encoding: 01000000000000000000000000000000 -> 02000000000000000000000000000000
  custom:audio-decoder-ogg-vorbis: bf7c407c2cedff20999df2af8eb42d56 -> 
  custom:audio-encoder-webm-vorbis: bf7c407c2cedff20999df2af8eb42d56 -> 
========================================================================
Received Import Request.
  Time since last request: 572.744165 seconds.
  path: Assets/black.mat
  artifactKey: Guid(f9329980a391c5b4c952754f9af5aa7f) Importer(815301076,1909f56bfc062723c751e8b465ee728b)
Start importing Assets/black.mat using Guid(f9329980a391c5b4c952754f9af5aa7f) Importer(815301076,1909f56bfc062723c751e8b465ee728b)  -> (artifact id: 'c3e4fa28b1d0a7788f7e018c462012dc') in 0.140002 seconds 
  Import took 0.147955 seconds .

========================================================================
Received Import Request.
  Time since last request: 21.820398 seconds.
  path: Assets/black.mat
  artifactKey: Guid(f9329980a391c5b4c952754f9af5aa7f) Importer(815301076,1909f56bfc062723c751e8b465ee728b)
Start importing Assets/black.mat using Guid(f9329980a391c5b4c952754f9af5aa7f) Importer(815301076,1909f56bfc062723c751e8b465ee728b)  -> (artifact id: '1a0781cba2ec34aab9cd336331d04b94') in 0.007001 seconds 
  Import took 0.015004 seconds .

========================================================================
Received Import Request.
  Time since last request: 3.614023 seconds.
  path: Assets/mask.mat
  artifactKey: Guid(229b735011ffb19428aee93b9508228e) Importer(815301076,1909f56bfc062723c751e8b465ee728b)
Start importing Assets/mask.mat using Guid(229b735011ffb19428aee93b9508228e) Importer(815301076,1909f56bfc062723c751e8b465ee728b)  -> (artifact id: '0474216e9e9645f342b6733fd1d9e900') in 0.008565 seconds 
  Import took 0.014859 seconds .

========================================================================
Received Import Request.
  Time since last request: 212.054967 seconds.
  path: Assets/black.mat
  artifactKey: Guid(f9329980a391c5b4c952754f9af5aa7f) Importer(815301076,1909f56bfc062723c751e8b465ee728b)
Start importing Assets/black.mat using Guid(f9329980a391c5b4c952754f9af5aa7f) Importer(815301076,1909f56bfc062723c751e8b465ee728b)  -> (artifact id: 'a8785768fbfc6545631958b3cc95c7f8') in 0.007097 seconds 
  Import took 0.015909 seconds .

========================================================================
Received Import Request.
  Time since last request: 0.000123 seconds.
  path: Assets/mask.mat
  artifactKey: Guid(229b735011ffb19428aee93b9508228e) Importer(815301076,1909f56bfc062723c751e8b465ee728b)
Start importing Assets/mask.mat using Guid(229b735011ffb19428aee93b9508228e) Importer(815301076,1909f56bfc062723c751e8b465ee728b)  -> (artifact id: 'f45062ff04d696d6e5340e73a2b35e36') in 0.005412 seconds 
  Import took 0.012431 seconds .

========================================================================
Received Import Request.
  Time since last request: 77.061267 seconds.
  path: Assets/FOVMesh.cs
  artifactKey: Guid(0384ed5eb0c4b304eb031a589fb1b13b) Importer(815301076,1909f56bfc062723c751e8b465ee728b)
Start importing Assets/FOVMesh.cs using Guid(0384ed5eb0c4b304eb031a589fb1b13b) Importer(815301076,1909f56bfc062723c751e8b465ee728b)  -> (artifact id: 'f6c3807207423a49e0f21309daf6ca5c') in 0.005111 seconds 
  Import took 0.013370 seconds .

========================================================================
Received Prepare
Registering precompiled user dll's ...
Registered in 0.004183 seconds.
Begin MonoManager ReloadAssembly
Native extension for WindowsStandalone target not found
Refreshing native plugins compatible for Editor in 1.26 ms, found 2 plugins.
Preloading 0 native plugins for Editor in 0.00 ms.
Mono: successfully reloaded assembly
- Completed reload, in  1.038 seconds
Platform modules already initialized, skipping
Switching build target platform(19) subTarget(0) extendedPlatform(0) -> platform(13) subTarget(537395200) extendedPlatform(0)
Shader 'Universal Render Pipeline/Particles/Lit': fallback shader 'Universal Render Pipeline/Particles/SimpleLit' not found
Refreshing native plugins compatible for Editor in 1.24 ms, found 2 plugins.
Preloading 0 native plugins for Editor in 0.00 ms.
Unloading 3442 Unused Serialized files (Serialized files now loaded: 0)
System memory in use before: 190.0 MB.
System memory in use after: 190.1 MB.

Unloading 23 unused Assets to reduce memory usage. Loaded Objects now: 4283.
Total: 3.388600 ms (FindLiveObjects: 0.361000 ms CreateObjectMapping: 0.171100 ms MarkObjects: 2.701600 ms  DeleteObjects: 0.154100 ms)

AssetImportParameters requested are different than current active one (requested -> active):
  custom:framework-win-MediaFoundation: 216162199b28c13a410421893ffa2e32 -> 
  custom:video-decoder-ogg-theora: a1e56fd34408186e4bbccfd4996cb3dc -> 
  custom:container-muxer-webm: aa71ff27fc2769a1b78a27578f13a17b -> 
  custom:container-demuxer-webm: 4f35f7cbe854078d1ac9338744f61a02 -> 
  custom:container-demuxer-ogg: 62fdf1f143b41e24485cea50d1cbac27 -> 
  custom:video-encoder-webm-vp8: eb34c28f22e8b96e1ab97ce403110664 -> 
  custom:video-decoder-webm-vp8: 9c59270c3fd7afecdb556c50c9e8de78 -> 
  custom:graphics/normal-map-encoding: 01000000000000000000000000000000 -> 02000000000000000000000000000000
  custom:audio-decoder-ogg-vorbis: bf7c407c2cedff20999df2af8eb42d56 -> 
  custom:audio-encoder-webm-vorbis: bf7c407c2cedff20999df2af8eb42d56 -> 
