Using pre-set license
Built from '2020.3/staging' branch; Version is '2020.3.13f1 (71691879b7f5) revision 7432472'; Using compiler version '192528614'; Build Type 'Release'
OS: 'Windows 10 Pro; OS build 19043.1200; Version 2009; 64bit' Language: 'ru' Physical Memory: 11734 MB
BatchMode: 1, IsHumanControllingUs: 0, StartBugReporterOnCrash: 0, Is64bit: 1, IsPro: 0

 COMMAND LINE ARGUMENTS:
C:\Program Files\Unity\Hub\Editor\2020.3.13f1\Editor\Unity.exe
-adb2
-batchMode
-noUpm
-name
AssetImportWorker2
-projectPath
C:/Users/larje/Documents/UnityProjects/ThunderNinja
-logFile
Logs/AssetImportWorker2.log
-srvPort
57241
Successfully changed project path to: C:/Users/larje/Documents/UnityProjects/ThunderNinja
C:/Users/larje/Documents/UnityProjects/ThunderNinja
Using Asset Import Pipeline V2.
