Using pre-set license
Built from '2020.3/staging' branch; Version is '2020.3.13f1 (71691879b7f5) revision 7432472'; Using compiler version '192528614'; Build Type 'Release'
OS: 'Windows 10 Pro; OS build 19043.1200; Version 2009; 64bit' Language: 'ru' Physical Memory: 11734 MB
BatchMode: 1, IsHumanControllingUs: 0, StartBugReporterOnCrash: 0, Is64bit: 1, IsPro: 0

 COMMAND LINE ARGUMENTS:
C:\Program Files\Unity\Hub\Editor\2020.3.13f1\Editor\Unity.exe
-adb2
-batchMode
-noUpm
-name
AssetImportWorker6
-projectPath
C:/Users/larje/Documents/UnityProjects/ThunderNinja
-logFile
Logs/AssetImportWorker6.log
-srvPort
57241
Successfully changed project path to: C:/Users/larje/Documents/UnityProjects/ThunderNinja
C:/Users/larje/Documents/UnityProjects/ThunderNinja
Using Asset Import Pipeline V2.
Refreshing native plugins compatible for Editor in 666.49 ms, found 2 plugins.
Preloading 0 native plugins for Editor in 0.00 ms.
Initialize engine version: 2020.3.13f1 (71691879b7f5)
[Subsystems] Discovering subsystems at path C:/Program Files/Unity/Hub/Editor/2020.3.13f1/Editor/Data/Resources/UnitySubsystems
[Subsystems] Discovering subsystems at path C:/Users/larje/Documents/UnityProjects/ThunderNinja/Assets
GfxDevice: creating device client; threaded=0
Direct3D:
    Version:  Direct3D 11.0 [level 11.1]
    Renderer: AMD Radeon(TM) R5 Graphics (ID=0x98e4)
    Vendor:   
    VRAM:     5867 MB
    Driver:   27.20.11044.7
Initialize mono
Mono path[0] = 'C:/Program Files/Unity/Hub/Editor/2020.3.13f1/Editor/Data/Managed'
Mono path[1] = 'C:/Program Files/Unity/Hub/Editor/2020.3.13f1/Editor/Data/MonoBleedingEdge/lib/mono/unityjit'
Mono config path = 'C:/Program Files/Unity/Hub/Editor/2020.3.13f1/Editor/Data/MonoBleedingEdge/etc'
Using monoOptions --debugger-agent=transport=dt_socket,embedding=1,server=y,suspend=n,address=127.0.0.1:56488
Begin MonoManager ReloadAssembly
Registering precompiled unity dll's ...
Register platform support module: C:/Program Files/Unity/Hub/Editor/2020.3.13f1/Editor/Data/PlaybackEngines/WindowsStandaloneSupport/UnityEditor.WindowsStandalone.Extensions.dll
Registered in 0.004363 seconds.
Native extension for WindowsStandalone target not found
Refreshing native plugins compatible for Editor in 500.10 ms, found 2 plugins.
Preloading 0 native plugins for Editor in 0.00 ms.
Mono: successfully reloaded assembly
- Completed reload, in 12.279 seconds
Platform modules already initialized, skipping
Registering precompiled user dll's ...
Registered in 0.021374 seconds.
Begin MonoManager ReloadAssembly
Native extension for WindowsStandalone target not found
Refreshing native plugins compatible for Editor in 407.86 ms, found 2 plugins.
Preloading 0 native plugins for Editor in 0.00 ms.
Animancer.Lite.dll was compiled for Unity 2019.4+ but the correct target for this version of Unity would be 2020.1+.
You should download the appropriate version of Animancer from https://kybernetik.com.au/animancer/lite
Or you could ignore this warning and delete this file to disable it, but then some features might not work correctly.
UnityEngine.StackTraceUtility:ExtractStackTrace ()
UnityEngine.DebugLogHandler:LogFormat (UnityEngine.LogType,UnityEngine.Object,string,object[])
UnityEngine.Logger:Log (UnityEngine.LogType,object)
UnityEngine.Debug:LogWarning (object)
Animancer.Editor.UnityVersionChecker:.cctor () (at Assets/Plugins/Animancer/Internal/Editor/ReadMe.cs:741)
System.Runtime.CompilerServices.RuntimeHelpers:RunClassConstructor (System.RuntimeTypeHandle)
UnityEditor.EditorAssemblies:ProcessInitializeOnLoadAttributes (System.Type[])

(Filename: Assets/Plugins/Animancer/Internal/Editor/ReadMe.cs Line: 741)

Mono: successfully reloaded assembly
- Completed reload, in  9.456 seconds
Platform modules already initialized, skipping
========================================================================
Worker process is ready to serve import requests
Shader 'Universal Render Pipeline/Particles/Lit': fallback shader 'Universal Render Pipeline/Particles/SimpleLit' not found
Shader 'Universal Render Pipeline/Particles/Lit': fallback shader 'Universal Render Pipeline/Particles/SimpleLit' not found
Launched and connected shader compiler UnityShaderCompiler.exe after 0.17 seconds
Refreshing native plugins compatible for Editor in 11.65 ms, found 2 plugins.
Preloading 0 native plugins for Editor in 0.00 ms.
Unloading 3157 Unused Serialized files (Serialized files now loaded: 0)
System memory in use before: 179.5 MB.
System memory in use after: 176.7 MB.

Unloading 63 unused Assets to reduce memory usage. Loaded Objects now: 3569.
Total: 21.657700 ms (FindLiveObjects: 1.268100 ms CreateObjectMapping: 0.698400 ms MarkObjects: 14.632200 ms  DeleteObjects: 5.053900 ms)

AssetImportParameters requested are different than current active one (requested -> active):
  custom:framework-win-MediaFoundation: 216162199b28c13a410421893ffa2e32 -> 
  custom:video-decoder-ogg-theora: a1e56fd34408186e4bbccfd4996cb3dc -> 
  custom:container-muxer-webm: aa71ff27fc2769a1b78a27578f13a17b -> 
  custom:container-demuxer-webm: 4f35f7cbe854078d1ac9338744f61a02 -> 
  custom:container-demuxer-ogg: 62fdf1f143b41e24485cea50d1cbac27 -> 
  custom:video-encoder-webm-vp8: eb34c28f22e8b96e1ab97ce403110664 -> 
  custom:video-decoder-webm-vp8: 9c59270c3fd7afecdb556c50c9e8de78 -> 
  custom:audio-decoder-ogg-vorbis: bf7c407c2cedff20999df2af8eb42d56 -> 
  custom:audio-encoder-webm-vorbis: bf7c407c2cedff20999df2af8eb42d56 -> 
========================================================================
Received Import Request.
  path: Assets/PlayerAnimation.cs
  artifactKey: Guid(368d426ac08f3394798d2fef71b22749) Importer(815301076,1909f56bfc062723c751e8b465ee728b)
Start importing Assets/PlayerAnimation.cs using Guid(368d426ac08f3394798d2fef71b22749) Importer(815301076,1909f56bfc062723c751e8b465ee728b)  -> (artifact id: '4fc58d411fc717c11adc9b507cea8fe5') in 0.090735 seconds 
  Import took 0.116848 seconds .

========================================================================
Received Prepare
Registering precompiled user dll's ...
Registered in 0.022119 seconds.
Begin MonoManager ReloadAssembly
Native extension for WindowsStandalone target not found
Refreshing native plugins compatible for Editor in 8.35 ms, found 2 plugins.
Preloading 0 native plugins for Editor in 0.00 ms.
Mono: successfully reloaded assembly
- Completed reload, in  7.722 seconds
Platform modules already initialized, skipping
Shader 'Universal Render Pipeline/Particles/Lit': fallback shader 'Universal Render Pipeline/Particles/SimpleLit' not found
Shader 'Universal Render Pipeline/Particles/Lit': fallback shader 'Universal Render Pipeline/Particles/SimpleLit' not found
Refreshing native plugins compatible for Editor in 3.70 ms, found 2 plugins.
Preloading 0 native plugins for Editor in 0.00 ms.
Unloading 2997 Unused Serialized files (Serialized files now loaded: 0)
System memory in use before: 167.3 MB.
System memory in use after: 164.5 MB.

Unloading 59 unused Assets to reduce memory usage. Loaded Objects now: 3572.
Total: 11.017300 ms (FindLiveObjects: 0.758800 ms CreateObjectMapping: 0.497000 ms MarkObjects: 5.683300 ms  DeleteObjects: 4.074800 ms)

AssetImportParameters requested are different than current active one (requested -> active):
  custom:framework-win-MediaFoundation: 216162199b28c13a410421893ffa2e32 -> 
  custom:video-decoder-ogg-theora: a1e56fd34408186e4bbccfd4996cb3dc -> 
  custom:container-muxer-webm: aa71ff27fc2769a1b78a27578f13a17b -> 
  custom:container-demuxer-webm: 4f35f7cbe854078d1ac9338744f61a02 -> 
  custom:container-demuxer-ogg: 62fdf1f143b41e24485cea50d1cbac27 -> 
  custom:video-encoder-webm-vp8: eb34c28f22e8b96e1ab97ce403110664 -> 
  custom:video-decoder-webm-vp8: 9c59270c3fd7afecdb556c50c9e8de78 -> 
  custom:audio-decoder-ogg-vorbis: bf7c407c2cedff20999df2af8eb42d56 -> 
  custom:audio-encoder-webm-vorbis: bf7c407c2cedff20999df2af8eb42d56 -> 
========================================================================
Received Import Request.
  Time since last request: 144.449090 seconds.
  path: Assets/PlayerAnimation.cs
  artifactKey: Guid(368d426ac08f3394798d2fef71b22749) Importer(815301076,1909f56bfc062723c751e8b465ee728b)
Start importing Assets/PlayerAnimation.cs using Guid(368d426ac08f3394798d2fef71b22749) Importer(815301076,1909f56bfc062723c751e8b465ee728b)  -> (artifact id: '11a92627d03d3e41d1b3bf8c655b0d9b') in 0.020188 seconds 
  Import took 0.033391 seconds .

========================================================================
Received Prepare
Registering precompiled user dll's ...
Registered in 0.012460 seconds.
Begin MonoManager ReloadAssembly
Native extension for WindowsStandalone target not found
Refreshing native plugins compatible for Editor in 3.08 ms, found 2 plugins.
Preloading 0 native plugins for Editor in 0.00 ms.
Mono: successfully reloaded assembly
- Completed reload, in  3.095 seconds
Platform modules already initialized, skipping
Shader 'Universal Render Pipeline/Particles/Lit': fallback shader 'Universal Render Pipeline/Particles/SimpleLit' not found
Shader 'Universal Render Pipeline/Particles/Lit': fallback shader 'Universal Render Pipeline/Particles/SimpleLit' not found
Refreshing native plugins compatible for Editor in 2.14 ms, found 2 plugins.
Preloading 0 native plugins for Editor in 0.00 ms.
Unloading 2997 Unused Serialized files (Serialized files now loaded: 0)
System memory in use before: 167.4 MB.
System memory in use after: 164.5 MB.

Unloading 59 unused Assets to reduce memory usage. Loaded Objects now: 3575.
Total: 11.366300 ms (FindLiveObjects: 0.942600 ms CreateObjectMapping: 0.409300 ms MarkObjects: 6.027500 ms  DeleteObjects: 3.983300 ms)

AssetImportParameters requested are different than current active one (requested -> active):
  custom:framework-win-MediaFoundation: 216162199b28c13a410421893ffa2e32 -> 
  custom:video-decoder-ogg-theora: a1e56fd34408186e4bbccfd4996cb3dc -> 
  custom:container-muxer-webm: aa71ff27fc2769a1b78a27578f13a17b -> 
  custom:container-demuxer-webm: 4f35f7cbe854078d1ac9338744f61a02 -> 
  custom:container-demuxer-ogg: 62fdf1f143b41e24485cea50d1cbac27 -> 
  custom:video-encoder-webm-vp8: eb34c28f22e8b96e1ab97ce403110664 -> 
  custom:video-decoder-webm-vp8: 9c59270c3fd7afecdb556c50c9e8de78 -> 
  custom:audio-decoder-ogg-vorbis: bf7c407c2cedff20999df2af8eb42d56 -> 
  custom:audio-encoder-webm-vorbis: bf7c407c2cedff20999df2af8eb42d56 -> 
========================================================================
Received Prepare
Registering precompiled user dll's ...
Registered in 0.048234 seconds.
Begin MonoManager ReloadAssembly
Native extension for WindowsStandalone target not found
Refreshing native plugins compatible for Editor in 2.28 ms, found 2 plugins.
Preloading 0 native plugins for Editor in 0.00 ms.
Mono: successfully reloaded assembly
- Completed reload, in  2.678 seconds
Platform modules already initialized, skipping
Shader 'Universal Render Pipeline/Particles/Lit': fallback shader 'Universal Render Pipeline/Particles/SimpleLit' not found
Shader 'Universal Render Pipeline/Particles/Lit': fallback shader 'Universal Render Pipeline/Particles/SimpleLit' not found
Refreshing native plugins compatible for Editor in 2.25 ms, found 2 plugins.
Preloading 0 native plugins for Editor in 0.00 ms.
Unloading 2997 Unused Serialized files (Serialized files now loaded: 0)
System memory in use before: 167.4 MB.
System memory in use after: 164.6 MB.

Unloading 59 unused Assets to reduce memory usage. Loaded Objects now: 3578.
Total: 11.601100 ms (FindLiveObjects: 0.890400 ms CreateObjectMapping: 0.361000 ms MarkObjects: 5.132600 ms  DeleteObjects: 5.213500 ms)

AssetImportParameters requested are different than current active one (requested -> active):
  custom:framework-win-MediaFoundation: 216162199b28c13a410421893ffa2e32 -> 
  custom:video-decoder-ogg-theora: a1e56fd34408186e4bbccfd4996cb3dc -> 
  custom:container-muxer-webm: aa71ff27fc2769a1b78a27578f13a17b -> 
  custom:container-demuxer-webm: 4f35f7cbe854078d1ac9338744f61a02 -> 
  custom:container-demuxer-ogg: 62fdf1f143b41e24485cea50d1cbac27 -> 
  custom:video-encoder-webm-vp8: eb34c28f22e8b96e1ab97ce403110664 -> 
  custom:video-decoder-webm-vp8: 9c59270c3fd7afecdb556c50c9e8de78 -> 
  custom:audio-decoder-ogg-vorbis: bf7c407c2cedff20999df2af8eb42d56 -> 
  custom:audio-encoder-webm-vorbis: bf7c407c2cedff20999df2af8eb42d56 -> 
========================================================================
Received Import Request.
  Time since last request: 161.201378 seconds.
  path: Assets/PlayerAnimation.cs
  artifactKey: Guid(368d426ac08f3394798d2fef71b22749) Importer(815301076,1909f56bfc062723c751e8b465ee728b)
Start importing Assets/PlayerAnimation.cs using Guid(368d426ac08f3394798d2fef71b22749) Importer(815301076,1909f56bfc062723c751e8b465ee728b)  -> (artifact id: 'cd8120cd7486ac15b49938b293244c5e') in 0.014480 seconds 
  Import took 0.025165 seconds .

========================================================================
Received Prepare
Registering precompiled user dll's ...
Registered in 0.029960 seconds.
Begin MonoManager ReloadAssembly
Native extension for WindowsStandalone target not found
Refreshing native plugins compatible for Editor in 2.28 ms, found 2 plugins.
Preloading 0 native plugins for Editor in 0.00 ms.
Mono: successfully reloaded assembly
- Completed reload, in  4.422 seconds
Platform modules already initialized, skipping
Shader 'Universal Render Pipeline/Particles/Lit': fallback shader 'Universal Render Pipeline/Particles/SimpleLit' not found
Shader 'Universal Render Pipeline/Particles/Lit': fallback shader 'Universal Render Pipeline/Particles/SimpleLit' not found
Refreshing native plugins compatible for Editor in 2.40 ms, found 2 plugins.
Preloading 0 native plugins for Editor in 0.00 ms.
Unloading 2997 Unused Serialized files (Serialized files now loaded: 0)
System memory in use before: 167.4 MB.
System memory in use after: 164.6 MB.

Unloading 59 unused Assets to reduce memory usage. Loaded Objects now: 3581.
Total: 12.822000 ms (FindLiveObjects: 1.275300 ms CreateObjectMapping: 0.339200 ms MarkObjects: 6.907900 ms  DeleteObjects: 4.295300 ms)

AssetImportParameters requested are different than current active one (requested -> active):
  custom:framework-win-MediaFoundation: 216162199b28c13a410421893ffa2e32 -> 
  custom:video-decoder-ogg-theora: a1e56fd34408186e4bbccfd4996cb3dc -> 
  custom:container-muxer-webm: aa71ff27fc2769a1b78a27578f13a17b -> 
  custom:container-demuxer-webm: 4f35f7cbe854078d1ac9338744f61a02 -> 
  custom:container-demuxer-ogg: 62fdf1f143b41e24485cea50d1cbac27 -> 
  custom:video-encoder-webm-vp8: eb34c28f22e8b96e1ab97ce403110664 -> 
  custom:video-decoder-webm-vp8: 9c59270c3fd7afecdb556c50c9e8de78 -> 
  custom:audio-decoder-ogg-vorbis: bf7c407c2cedff20999df2af8eb42d56 -> 
  custom:audio-encoder-webm-vorbis: bf7c407c2cedff20999df2af8eb42d56 -> 
========================================================================
Received Import Request.
  Time since last request: 349.043678 seconds.
  path: Assets/PlayerAnimation.cs
  artifactKey: Guid(368d426ac08f3394798d2fef71b22749) Importer(815301076,1909f56bfc062723c751e8b465ee728b)
Start importing Assets/PlayerAnimation.cs using Guid(368d426ac08f3394798d2fef71b22749) Importer(815301076,1909f56bfc062723c751e8b465ee728b)  -> (artifact id: '7d73fe1c4cadddeec8024c48a78d63a9') in 0.021414 seconds 
  Import took 0.035574 seconds .

========================================================================
Received Prepare
Registering precompiled user dll's ...
Registered in 0.017520 seconds.
Begin MonoManager ReloadAssembly
Native extension for WindowsStandalone target not found
Refreshing native plugins compatible for Editor in 3.48 ms, found 2 plugins.
Preloading 0 native plugins for Editor in 0.00 ms.
Mono: successfully reloaded assembly
- Completed reload, in 10.017 seconds
Platform modules already initialized, skipping
Shader 'Universal Render Pipeline/Particles/Lit': fallback shader 'Universal Render Pipeline/Particles/SimpleLit' not found
Shader 'Universal Render Pipeline/Particles/Lit': fallback shader 'Universal Render Pipeline/Particles/SimpleLit' not found
Refreshing native plugins compatible for Editor in 12.28 ms, found 2 plugins.
Preloading 0 native plugins for Editor in 0.00 ms.
Unloading 2997 Unused Serialized files (Serialized files now loaded: 0)
System memory in use before: 167.5 MB.
System memory in use after: 164.6 MB.

Unloading 59 unused Assets to reduce memory usage. Loaded Objects now: 3584.
Total: 143.382000 ms (FindLiveObjects: 10.697000 ms CreateObjectMapping: 3.083900 ms MarkObjects: 96.877300 ms  DeleteObjects: 32.715200 ms)

AssetImportParameters requested are different than current active one (requested -> active):
  custom:framework-win-MediaFoundation: 216162199b28c13a410421893ffa2e32 -> 
  custom:video-decoder-ogg-theora: a1e56fd34408186e4bbccfd4996cb3dc -> 
  custom:container-muxer-webm: aa71ff27fc2769a1b78a27578f13a17b -> 
  custom:container-demuxer-webm: 4f35f7cbe854078d1ac9338744f61a02 -> 
  custom:container-demuxer-ogg: 62fdf1f143b41e24485cea50d1cbac27 -> 
  custom:video-encoder-webm-vp8: eb34c28f22e8b96e1ab97ce403110664 -> 
  custom:video-decoder-webm-vp8: 9c59270c3fd7afecdb556c50c9e8de78 -> 
  custom:audio-decoder-ogg-vorbis: bf7c407c2cedff20999df2af8eb42d56 -> 
  custom:audio-encoder-webm-vorbis: bf7c407c2cedff20999df2af8eb42d56 -> 
========================================================================
Received Import Request.
  Time since last request: 56.211892 seconds.
  path: Assets/PlayerAnimation.cs
  artifactKey: Guid(368d426ac08f3394798d2fef71b22749) Importer(815301076,1909f56bfc062723c751e8b465ee728b)
Start importing Assets/PlayerAnimation.cs using Guid(368d426ac08f3394798d2fef71b22749) Importer(815301076,1909f56bfc062723c751e8b465ee728b)  -> (artifact id: '808fd9a484a9350de28cd2c969f4380f') in 0.078421 seconds 
  Import took 0.147690 seconds .

========================================================================
Received Prepare
Registering precompiled user dll's ...
Registered in 0.022728 seconds.
Begin MonoManager ReloadAssembly
Native extension for WindowsStandalone target not found
Refreshing native plugins compatible for Editor in 2.65 ms, found 2 plugins.
Preloading 0 native plugins for Editor in 0.00 ms.
Mono: successfully reloaded assembly
- Completed reload, in  7.133 seconds
Platform modules already initialized, skipping
Shader 'Universal Render Pipeline/Particles/Lit': fallback shader 'Universal Render Pipeline/Particles/SimpleLit' not found
Shader 'Universal Render Pipeline/Particles/Lit': fallback shader 'Universal Render Pipeline/Particles/SimpleLit' not found
Refreshing native plugins compatible for Editor in 6.63 ms, found 2 plugins.
Preloading 0 native plugins for Editor in 0.00 ms.
Unloading 2997 Unused Serialized files (Serialized files now loaded: 0)
System memory in use before: 167.4 MB.
System memory in use after: 164.6 MB.

Unloading 59 unused Assets to reduce memory usage. Loaded Objects now: 3587.
Total: 63.414400 ms (FindLiveObjects: 2.495000 ms CreateObjectMapping: 5.357300 ms MarkObjects: 30.080900 ms  DeleteObjects: 25.475000 ms)

AssetImportParameters requested are different than current active one (requested -> active):
  custom:framework-win-MediaFoundation: 216162199b28c13a410421893ffa2e32 -> 
  custom:video-decoder-ogg-theora: a1e56fd34408186e4bbccfd4996cb3dc -> 
  custom:container-muxer-webm: aa71ff27fc2769a1b78a27578f13a17b -> 
  custom:container-demuxer-webm: 4f35f7cbe854078d1ac9338744f61a02 -> 
  custom:container-demuxer-ogg: 62fdf1f143b41e24485cea50d1cbac27 -> 
  custom:video-encoder-webm-vp8: eb34c28f22e8b96e1ab97ce403110664 -> 
  custom:video-decoder-webm-vp8: 9c59270c3fd7afecdb556c50c9e8de78 -> 
  custom:audio-decoder-ogg-vorbis: bf7c407c2cedff20999df2af8eb42d56 -> 
  custom:audio-encoder-webm-vorbis: bf7c407c2cedff20999df2af8eb42d56 -> 
========================================================================
Received Import Request.
  Time since last request: 58.112815 seconds.
  path: Assets/PlayerAnimation.cs
  artifactKey: Guid(368d426ac08f3394798d2fef71b22749) Importer(815301076,1909f56bfc062723c751e8b465ee728b)
Start importing Assets/PlayerAnimation.cs using Guid(368d426ac08f3394798d2fef71b22749) Importer(815301076,1909f56bfc062723c751e8b465ee728b)  -> (artifact id: '389c76c41f849e4c0d4ab7acddbbf502') in 0.061022 seconds 
  Import took 0.175193 seconds .

========================================================================
Received Import Request.
  Time since last request: 1118.944969 seconds.
  path: Assets/Animations/Clips
  artifactKey: Guid(635481ed5e975dc45bac793f52da4740) Importer(815301076,1909f56bfc062723c751e8b465ee728b)
Start importing Assets/Animations/Clips using Guid(635481ed5e975dc45bac793f52da4740) Importer(815301076,1909f56bfc062723c751e8b465ee728b)  -> (artifact id: '80b45dd17a4263e43aecbf5d5cb8bf70') in 0.047346 seconds 
  Import took 0.106590 seconds .

========================================================================
Received Import Request.
  Time since last request: 0.000251 seconds.
  path: Assets/Animations/Clips/Hang Wall.fbx
  artifactKey: Guid(9c0c9d6af597de7418565219de21b66f) Importer(815301076,1909f56bfc062723c751e8b465ee728b)
Start importing Assets/Animations/Clips/Hang Wall.fbx using Guid(9c0c9d6af597de7418565219de21b66f) Importer(815301076,1909f56bfc062723c751e8b465ee728b)  -> (artifact id: '98ab486a4f1d2a498384bd977d410c2d') in 12.527967 seconds 
  Import took 12.715309 seconds .

========================================================================
Received Prepare
Registering precompiled user dll's ...
Registered in 0.166822 seconds.
Begin MonoManager ReloadAssembly
Native extension for WindowsStandalone target not found
Refreshing native plugins compatible for Editor in 6.33 ms, found 2 plugins.
Preloading 0 native plugins for Editor in 0.00 ms.
Mono: successfully reloaded assembly
- Completed reload, in  5.003 seconds
Platform modules already initialized, skipping
Shader 'Universal Render Pipeline/Particles/Lit': fallback shader 'Universal Render Pipeline/Particles/SimpleLit' not found
Shader 'Universal Render Pipeline/Particles/Lit': fallback shader 'Universal Render Pipeline/Particles/SimpleLit' not found
Refreshing native plugins compatible for Editor in 2.14 ms, found 2 plugins.
Preloading 0 native plugins for Editor in 0.00 ms.
Unloading 2997 Unused Serialized files (Serialized files now loaded: 0)
System memory in use before: 186.6 MB.
System memory in use after: 183.8 MB.

Unloading 59 unused Assets to reduce memory usage. Loaded Objects now: 3672.
Total: 19.970600 ms (FindLiveObjects: 7.889900 ms CreateObjectMapping: 1.183800 ms MarkObjects: 6.191200 ms  DeleteObjects: 4.701900 ms)

AssetImportParameters requested are different than current active one (requested -> active):
  custom:framework-win-MediaFoundation: 216162199b28c13a410421893ffa2e32 -> 
  custom:video-decoder-ogg-theora: a1e56fd34408186e4bbccfd4996cb3dc -> 
  custom:container-muxer-webm: aa71ff27fc2769a1b78a27578f13a17b -> 
  custom:container-demuxer-webm: 4f35f7cbe854078d1ac9338744f61a02 -> 
  custom:container-demuxer-ogg: 62fdf1f143b41e24485cea50d1cbac27 -> 
  custom:video-encoder-webm-vp8: eb34c28f22e8b96e1ab97ce403110664 -> 
  custom:video-decoder-webm-vp8: 9c59270c3fd7afecdb556c50c9e8de78 -> 
  custom:audio-decoder-ogg-vorbis: bf7c407c2cedff20999df2af8eb42d56 -> 
  custom:audio-encoder-webm-vorbis: bf7c407c2cedff20999df2af8eb42d56 -> 
========================================================================
Received Import Request.
  Time since last request: 31.216877 seconds.
  path: Assets/Animations/Clips/Event
  artifactKey: Guid(7b1f6b09ee5003d44af578cd3ffc4f57) Importer(815301076,1909f56bfc062723c751e8b465ee728b)
Start importing Assets/Animations/Clips/Event using Guid(7b1f6b09ee5003d44af578cd3ffc4f57) Importer(815301076,1909f56bfc062723c751e8b465ee728b)  -> (artifact id: '99b3c7391b57bf398fbe45e6a0bdedf4') in 0.021468 seconds 
  Import took 0.033215 seconds .

========================================================================
Received Import Request.
  Time since last request: 271.134420 seconds.
  path: Assets/Animations/Clips/Event/Falling To Landing.fbx
  artifactKey: Guid(1322862733e223a41aa23525b4449377) Importer(815301076,1909f56bfc062723c751e8b465ee728b)
Start importing Assets/Animations/Clips/Event/Falling To Landing.fbx using Guid(1322862733e223a41aa23525b4449377) Importer(815301076,1909f56bfc062723c751e8b465ee728b)  -> (artifact id: 'b66bfee4c916b5428775a08926ccac52') in 2.482473 seconds 
  Import took 2.873479 seconds .

========================================================================
Received Import Request.
  Time since last request: 0.000361 seconds.
  path: Assets/Animations/Clips/Event/Falling To Roll.fbx
  artifactKey: Guid(0221209e3bc593a4d8f7653e64357d61) Importer(815301076,1909f56bfc062723c751e8b465ee728b)
Start importing Assets/Animations/Clips/Event/Falling To Roll.fbx using Guid(0221209e3bc593a4d8f7653e64357d61) Importer(815301076,1909f56bfc062723c751e8b465ee728b)  -> (artifact id: '051ad4f520dc31c7aebd5593472da8f0') in 0.221416 seconds 
  Import took 0.235148 seconds .

========================================================================
Received Prepare
Registering precompiled user dll's ...
Registered in 0.025651 seconds.
Begin MonoManager ReloadAssembly
Native extension for WindowsStandalone target not found
Refreshing native plugins compatible for Editor in 2.34 ms, found 2 plugins.
Preloading 0 native plugins for Editor in 0.00 ms.
Mono: successfully reloaded assembly
- Completed reload, in  2.894 seconds
Platform modules already initialized, skipping
Shader 'Universal Render Pipeline/Particles/Lit': fallback shader 'Universal Render Pipeline/Particles/SimpleLit' not found
Shader 'Universal Render Pipeline/Particles/Lit': fallback shader 'Universal Render Pipeline/Particles/SimpleLit' not found
Refreshing native plugins compatible for Editor in 2.28 ms, found 2 plugins.
Preloading 0 native plugins for Editor in 0.00 ms.
Unloading 2997 Unused Serialized files (Serialized files now loaded: 0)
System memory in use before: 186.8 MB.
System memory in use after: 183.9 MB.

Unloading 59 unused Assets to reduce memory usage. Loaded Objects now: 3711.
Total: 10.661000 ms (FindLiveObjects: 1.026900 ms CreateObjectMapping: 0.435900 ms MarkObjects: 5.298000 ms  DeleteObjects: 3.897000 ms)

AssetImportParameters requested are different than current active one (requested -> active):
  custom:framework-win-MediaFoundation: 216162199b28c13a410421893ffa2e32 -> 
  custom:video-decoder-ogg-theora: a1e56fd34408186e4bbccfd4996cb3dc -> 
  custom:container-muxer-webm: aa71ff27fc2769a1b78a27578f13a17b -> 
  custom:container-demuxer-webm: 4f35f7cbe854078d1ac9338744f61a02 -> 
  custom:container-demuxer-ogg: 62fdf1f143b41e24485cea50d1cbac27 -> 
  custom:video-encoder-webm-vp8: eb34c28f22e8b96e1ab97ce403110664 -> 
  custom:video-decoder-webm-vp8: 9c59270c3fd7afecdb556c50c9e8de78 -> 
  custom:audio-decoder-ogg-vorbis: bf7c407c2cedff20999df2af8eb42d56 -> 
  custom:audio-encoder-webm-vorbis: bf7c407c2cedff20999df2af8eb42d56 -> 
========================================================================
Received Import Request.
  Time since last request: 81.628036 seconds.
  path: Assets/Animations
  artifactKey: Guid(699c832b969c16b49b5fffd9dad45fae) Importer(815301076,1909f56bfc062723c751e8b465ee728b)
Start importing Assets/Animations using Guid(699c832b969c16b49b5fffd9dad45fae) Importer(815301076,1909f56bfc062723c751e8b465ee728b)  -> (artifact id: 'f8c8d8ae6d1b68982bb864c640e25762') in 0.037864 seconds 
  Import took 0.059180 seconds .

========================================================================
Received Import Request.
  Time since last request: 13.590581 seconds.
  path: Assets/Animations/Clips/Event/Falling To Landing.fbx
  artifactKey: Guid(1322862733e223a41aa23525b4449377) Importer(815301076,1909f56bfc062723c751e8b465ee728b)
Start importing Assets/Animations/Clips/Event/Falling To Landing.fbx using Guid(1322862733e223a41aa23525b4449377) Importer(815301076,1909f56bfc062723c751e8b465ee728b)  -> (artifact id: 'c36d85f1b0fe9124159b1a37e2893e6e') in 0.827838 seconds 
  Import took 0.846749 seconds .

========================================================================
Received Import Request.
  Time since last request: 4.720579 seconds.
  path: Assets/Animations/Clips/Event/Falling To Roll.fbx
  artifactKey: Guid(0221209e3bc593a4d8f7653e64357d61) Importer(815301076,1909f56bfc062723c751e8b465ee728b)
Start importing Assets/Animations/Clips/Event/Falling To Roll.fbx using Guid(0221209e3bc593a4d8f7653e64357d61) Importer(815301076,1909f56bfc062723c751e8b465ee728b)  -> (artifact id: '19bf5264ce9e9666ce87a6f6641aea76') in 0.221584 seconds 
  Import took 0.256966 seconds .

========================================================================
Received Import Request.
  Time since last request: 75.879674 seconds.
  path: Assets/Animations/Clips/Event/Falling To Landing.fbx
  artifactKey: Guid(1322862733e223a41aa23525b4449377) Importer(815301076,1909f56bfc062723c751e8b465ee728b)
Start importing Assets/Animations/Clips/Event/Falling To Landing.fbx using Guid(1322862733e223a41aa23525b4449377) Importer(815301076,1909f56bfc062723c751e8b465ee728b)  -> (artifact id: '0ff6d9753d33cedc966d2c6cfaaef679') in 0.480533 seconds 
  Import took 0.510349 seconds .

========================================================================
Received Import Request.
  Time since last request: 54.738620 seconds.
  path: Assets/Animations/Clips/Event/Falling To Roll.fbx
  artifactKey: Guid(0221209e3bc593a4d8f7653e64357d61) Importer(815301076,1909f56bfc062723c751e8b465ee728b)
Start importing Assets/Animations/Clips/Event/Falling To Roll.fbx using Guid(0221209e3bc593a4d8f7653e64357d61) Importer(815301076,1909f56bfc062723c751e8b465ee728b)  -> (artifact id: '8dfe85f75461c236afcbf2fe09ce3f70') in 0.127647 seconds 
  Import took 0.193235 seconds .

========================================================================
Received Import Request.
  Time since last request: 17.754849 seconds.
  path: Assets/Animations/Clips/Event/Falling To Landing.fbx
  artifactKey: Guid(1322862733e223a41aa23525b4449377) Importer(815301076,1909f56bfc062723c751e8b465ee728b)
Start importing Assets/Animations/Clips/Event/Falling To Landing.fbx using Guid(1322862733e223a41aa23525b4449377) Importer(815301076,1909f56bfc062723c751e8b465ee728b)  -> (artifact id: '186cd5cb2fb5f080f72d0e4fea6a2bd4') in 0.141168 seconds 
  Import took 0.189889 seconds .

========================================================================
Received Prepare
Registering precompiled user dll's ...
Registered in 0.021629 seconds.
Begin MonoManager ReloadAssembly
Native extension for WindowsStandalone target not found
Refreshing native plugins compatible for Editor in 2.19 ms, found 2 plugins.
Preloading 0 native plugins for Editor in 0.00 ms.
Mono: successfully reloaded assembly
- Completed reload, in  6.304 seconds
Platform modules already initialized, skipping
Shader 'Universal Render Pipeline/Particles/Lit': fallback shader 'Universal Render Pipeline/Particles/SimpleLit' not found
Shader 'Universal Render Pipeline/Particles/Lit': fallback shader 'Universal Render Pipeline/Particles/SimpleLit' not found
Refreshing native plugins compatible for Editor in 3.88 ms, found 2 plugins.
Preloading 0 native plugins for Editor in 0.00 ms.
Unloading 2997 Unused Serialized files (Serialized files now loaded: 0)
System memory in use before: 186.9 MB.
System memory in use after: 184.1 MB.

Unloading 59 unused Assets to reduce memory usage. Loaded Objects now: 3750.
Total: 153.791800 ms (FindLiveObjects: 1.077400 ms CreateObjectMapping: 0.397000 ms MarkObjects: 54.204100 ms  DeleteObjects: 98.109800 ms)

AssetImportParameters requested are different than current active one (requested -> active):
  custom:framework-win-MediaFoundation: 216162199b28c13a410421893ffa2e32 -> 
  custom:video-decoder-ogg-theora: a1e56fd34408186e4bbccfd4996cb3dc -> 
  custom:container-muxer-webm: aa71ff27fc2769a1b78a27578f13a17b -> 
  custom:container-demuxer-webm: 4f35f7cbe854078d1ac9338744f61a02 -> 
  custom:container-demuxer-ogg: 62fdf1f143b41e24485cea50d1cbac27 -> 
  custom:video-encoder-webm-vp8: eb34c28f22e8b96e1ab97ce403110664 -> 
  custom:video-decoder-webm-vp8: 9c59270c3fd7afecdb556c50c9e8de78 -> 
  custom:audio-decoder-ogg-vorbis: bf7c407c2cedff20999df2af8eb42d56 -> 
  custom:audio-encoder-webm-vorbis: bf7c407c2cedff20999df2af8eb42d56 -> 
========================================================================
Received Prepare
Registering precompiled user dll's ...
Registered in 0.053730 seconds.
Begin MonoManager ReloadAssembly
Native extension for WindowsStandalone target not found
Refreshing native plugins compatible for Editor in 4.54 ms, found 2 plugins.
Preloading 0 native plugins for Editor in 0.00 ms.
Mono: successfully reloaded assembly
- Completed reload, in 13.001 seconds
Platform modules already initialized, skipping
Shader 'Universal Render Pipeline/Particles/Lit': fallback shader 'Universal Render Pipeline/Particles/SimpleLit' not found
Shader 'Universal Render Pipeline/Particles/Lit': fallback shader 'Universal Render Pipeline/Particles/SimpleLit' not found
Refreshing native plugins compatible for Editor in 4.65 ms, found 2 plugins.
Preloading 0 native plugins for Editor in 0.00 ms.
Unloading 2997 Unused Serialized files (Serialized files now loaded: 0)
System memory in use before: 187.0 MB.
System memory in use after: 184.1 MB.

Unloading 59 unused Assets to reduce memory usage. Loaded Objects now: 3753.
Total: 382.836700 ms (FindLiveObjects: 20.425100 ms CreateObjectMapping: 0.993100 ms MarkObjects: 340.371800 ms  DeleteObjects: 21.040600 ms)

AssetImportParameters requested are different than current active one (requested -> active):
  custom:framework-win-MediaFoundation: 216162199b28c13a410421893ffa2e32 -> 
  custom:video-decoder-ogg-theora: a1e56fd34408186e4bbccfd4996cb3dc -> 
  custom:container-muxer-webm: aa71ff27fc2769a1b78a27578f13a17b -> 
  custom:container-demuxer-webm: 4f35f7cbe854078d1ac9338744f61a02 -> 
  custom:container-demuxer-ogg: 62fdf1f143b41e24485cea50d1cbac27 -> 
  custom:video-encoder-webm-vp8: eb34c28f22e8b96e1ab97ce403110664 -> 
  custom:video-decoder-webm-vp8: 9c59270c3fd7afecdb556c50c9e8de78 -> 
  custom:audio-decoder-ogg-vorbis: bf7c407c2cedff20999df2af8eb42d56 -> 
  custom:audio-encoder-webm-vorbis: bf7c407c2cedff20999df2af8eb42d56 -> 
========================================================================
Received Prepare
Registering precompiled user dll's ...
Registered in 0.020006 seconds.
Begin MonoManager ReloadAssembly
Native extension for WindowsStandalone target not found
Refreshing native plugins compatible for Editor in 16.89 ms, found 2 plugins.
Preloading 0 native plugins for Editor in 0.00 ms.
Mono: successfully reloaded assembly
- Completed reload, in  9.504 seconds
Platform modules already initialized, skipping
Shader 'Universal Render Pipeline/Particles/Lit': fallback shader 'Universal Render Pipeline/Particles/SimpleLit' not found
Shader 'Universal Render Pipeline/Particles/Lit': fallback shader 'Universal Render Pipeline/Particles/SimpleLit' not found
Refreshing native plugins compatible for Editor in 15.25 ms, found 2 plugins.
Preloading 0 native plugins for Editor in 0.00 ms.
Unloading 2997 Unused Serialized files (Serialized files now loaded: 0)
System memory in use before: 186.9 MB.
System memory in use after: 184.1 MB.

Unloading 59 unused Assets to reduce memory usage. Loaded Objects now: 3756.
Total: 33.292900 ms (FindLiveObjects: 0.951100 ms CreateObjectMapping: 0.525700 ms MarkObjects: 25.047400 ms  DeleteObjects: 6.765000 ms)

AssetImportParameters requested are different than current active one (requested -> active):
  custom:framework-win-MediaFoundation: 216162199b28c13a410421893ffa2e32 -> 
  custom:video-decoder-ogg-theora: a1e56fd34408186e4bbccfd4996cb3dc -> 
  custom:container-muxer-webm: aa71ff27fc2769a1b78a27578f13a17b -> 
  custom:container-demuxer-webm: 4f35f7cbe854078d1ac9338744f61a02 -> 
  custom:container-demuxer-ogg: 62fdf1f143b41e24485cea50d1cbac27 -> 
  custom:video-encoder-webm-vp8: eb34c28f22e8b96e1ab97ce403110664 -> 
  custom:video-decoder-webm-vp8: 9c59270c3fd7afecdb556c50c9e8de78 -> 
  custom:audio-decoder-ogg-vorbis: bf7c407c2cedff20999df2af8eb42d56 -> 
  custom:audio-encoder-webm-vorbis: bf7c407c2cedff20999df2af8eb42d56 -> 
========================================================================
Received Prepare
Registering precompiled user dll's ...
Registered in 0.021905 seconds.
Begin MonoManager ReloadAssembly
Native extension for WindowsStandalone target not found
Refreshing native plugins compatible for Editor in 3.95 ms, found 2 plugins.
Preloading 0 native plugins for Editor in 0.00 ms.
Mono: successfully reloaded assembly
- Completed reload, in 13.072 seconds
Platform modules already initialized, skipping
Shader 'Universal Render Pipeline/Particles/Lit': fallback shader 'Universal Render Pipeline/Particles/SimpleLit' not found
Shader 'Universal Render Pipeline/Particles/Lit': fallback shader 'Universal Render Pipeline/Particles/SimpleLit' not found
Refreshing native plugins compatible for Editor in 14.40 ms, found 2 plugins.
Preloading 0 native plugins for Editor in 0.00 ms.
Unloading 2997 Unused Serialized files (Serialized files now loaded: 0)
System memory in use before: 186.9 MB.
System memory in use after: 184.1 MB.

Unloading 59 unused Assets to reduce memory usage. Loaded Objects now: 3759.
Total: 39.229400 ms (FindLiveObjects: 1.576500 ms CreateObjectMapping: 1.639200 ms MarkObjects: 19.782300 ms  DeleteObjects: 16.223400 ms)

AssetImportParameters requested are different than current active one (requested -> active):
  custom:framework-win-MediaFoundation: 216162199b28c13a410421893ffa2e32 -> 
  custom:video-decoder-ogg-theora: a1e56fd34408186e4bbccfd4996cb3dc -> 
  custom:container-muxer-webm: aa71ff27fc2769a1b78a27578f13a17b -> 
  custom:container-demuxer-webm: 4f35f7cbe854078d1ac9338744f61a02 -> 
  custom:container-demuxer-ogg: 62fdf1f143b41e24485cea50d1cbac27 -> 
  custom:video-encoder-webm-vp8: eb34c28f22e8b96e1ab97ce403110664 -> 
  custom:video-decoder-webm-vp8: 9c59270c3fd7afecdb556c50c9e8de78 -> 
  custom:audio-decoder-ogg-vorbis: bf7c407c2cedff20999df2af8eb42d56 -> 
  custom:audio-encoder-webm-vorbis: bf7c407c2cedff20999df2af8eb42d56 -> 
========================================================================
Received Prepare
Registering precompiled user dll's ...
Registered in 0.209046 seconds.
Begin MonoManager ReloadAssembly
Native extension for WindowsStandalone target not found
Refreshing native plugins compatible for Editor in 2.33 ms, found 2 plugins.
Preloading 0 native plugins for Editor in 0.00 ms.
Mono: successfully reloaded assembly
- Completed reload, in 18.461 seconds
Platform modules already initialized, skipping
Shader 'Universal Render Pipeline/Particles/Lit': fallback shader 'Universal Render Pipeline/Particles/SimpleLit' not found
Shader 'Universal Render Pipeline/Particles/Lit': fallback shader 'Universal Render Pipeline/Particles/SimpleLit' not found
Refreshing native plugins compatible for Editor in 4.67 ms, found 2 plugins.
Preloading 0 native plugins for Editor in 0.00 ms.
Unloading 2997 Unused Serialized files (Serialized files now loaded: 0)
System memory in use before: 187.0 MB.
System memory in use after: 184.1 MB.

Unloading 59 unused Assets to reduce memory usage. Loaded Objects now: 3762.
Total: 14.747400 ms (FindLiveObjects: 0.807500 ms CreateObjectMapping: 0.362900 ms MarkObjects: 7.749200 ms  DeleteObjects: 5.823500 ms)

AssetImportParameters requested are different than current active one (requested -> active):
  custom:framework-win-MediaFoundation: 216162199b28c13a410421893ffa2e32 -> 
  custom:video-decoder-ogg-theora: a1e56fd34408186e4bbccfd4996cb3dc -> 
  custom:container-muxer-webm: aa71ff27fc2769a1b78a27578f13a17b -> 
  custom:container-demuxer-webm: 4f35f7cbe854078d1ac9338744f61a02 -> 
  custom:container-demuxer-ogg: 62fdf1f143b41e24485cea50d1cbac27 -> 
  custom:video-encoder-webm-vp8: eb34c28f22e8b96e1ab97ce403110664 -> 
  custom:video-decoder-webm-vp8: 9c59270c3fd7afecdb556c50c9e8de78 -> 
  custom:audio-decoder-ogg-vorbis: bf7c407c2cedff20999df2af8eb42d56 -> 
  custom:audio-encoder-webm-vorbis: bf7c407c2cedff20999df2af8eb42d56 -> 
========================================================================
Received Import Request.
  Time since last request: 819.566671 seconds.
  path: Assets/Animations/Clips/Event/Stand To Roll.fbx
  artifactKey: Guid(a26adafd9d5c0354db22618be951be52) Importer(815301076,1909f56bfc062723c751e8b465ee728b)
Start importing Assets/Animations/Clips/Event/Stand To Roll.fbx using Guid(a26adafd9d5c0354db22618be951be52) Importer(815301076,1909f56bfc062723c751e8b465ee728b)  -> (artifact id: '01ccd50548278510bc5733587971ad57') in 0.749566 seconds 
  Import took 0.762558 seconds .

========================================================================
Received Import Request.
  Time since last request: 1.583591 seconds.
  path: Assets/Animations/Clips/Event/Stand To Roll.fbx
  artifactKey: Guid(a26adafd9d5c0354db22618be951be52) Importer(815301076,1909f56bfc062723c751e8b465ee728b)
Start importing Assets/Animations/Clips/Event/Stand To Roll.fbx using Guid(a26adafd9d5c0354db22618be951be52) Importer(815301076,1909f56bfc062723c751e8b465ee728b)  -> (artifact id: '6f351fcaae5669c55de2abc579c3350c') in 0.165499 seconds 
  Import took 0.181732 seconds .

========================================================================
Received Import Request.
  Time since last request: 15.893387 seconds.
  path: Assets/Animations/Clips/Event/Stand To Roll.fbx
  artifactKey: Guid(a26adafd9d5c0354db22618be951be52) Importer(815301076,1909f56bfc062723c751e8b465ee728b)
Start importing Assets/Animations/Clips/Event/Stand To Roll.fbx using Guid(a26adafd9d5c0354db22618be951be52) Importer(815301076,1909f56bfc062723c751e8b465ee728b)  -> (artifact id: '56dcb2feb35e3ebf754fccb2d09a5021') in 0.229472 seconds 
  Import took 0.251601 seconds .

========================================================================
Received Import Request.
  Time since last request: 26.600774 seconds.
  path: Assets/Animations/Clips/Event/Stand To Roll.fbx
  artifactKey: Guid(a26adafd9d5c0354db22618be951be52) Importer(815301076,1909f56bfc062723c751e8b465ee728b)
Start importing Assets/Animations/Clips/Event/Stand To Roll.fbx using Guid(a26adafd9d5c0354db22618be951be52) Importer(815301076,1909f56bfc062723c751e8b465ee728b)  -> (artifact id: 'ebd6abc55dad5d3701aba4ac9477707d') in 0.422900 seconds 
  Import took 0.452917 seconds .

========================================================================
Received Prepare
Registering precompiled user dll's ...
Registered in 0.017356 seconds.
Begin MonoManager ReloadAssembly
Native extension for WindowsStandalone target not found
Refreshing native plugins compatible for Editor in 2.18 ms, found 2 plugins.
Preloading 0 native plugins for Editor in 0.00 ms.
Mono: successfully reloaded assembly
- Completed reload, in  4.544 seconds
Platform modules already initialized, skipping
Shader 'Universal Render Pipeline/Particles/Lit': fallback shader 'Universal Render Pipeline/Particles/SimpleLit' not found
Shader 'Universal Render Pipeline/Particles/Lit': fallback shader 'Universal Render Pipeline/Particles/SimpleLit' not found
Refreshing native plugins compatible for Editor in 2.46 ms, found 2 plugins.
Preloading 0 native plugins for Editor in 0.00 ms.
Unloading 2997 Unused Serialized files (Serialized files now loaded: 0)
System memory in use before: 187.1 MB.
System memory in use after: 184.3 MB.

Unloading 59 unused Assets to reduce memory usage. Loaded Objects now: 3801.
Total: 51.720300 ms (FindLiveObjects: 2.883600 ms CreateObjectMapping: 2.182900 ms MarkObjects: 23.572700 ms  DeleteObjects: 23.075000 ms)

AssetImportParameters requested are different than current active one (requested -> active):
  custom:framework-win-MediaFoundation: 216162199b28c13a410421893ffa2e32 -> 
  custom:video-decoder-ogg-theora: a1e56fd34408186e4bbccfd4996cb3dc -> 
  custom:container-muxer-webm: aa71ff27fc2769a1b78a27578f13a17b -> 
  custom:container-demuxer-webm: 4f35f7cbe854078d1ac9338744f61a02 -> 
  custom:container-demuxer-ogg: 62fdf1f143b41e24485cea50d1cbac27 -> 
  custom:video-encoder-webm-vp8: eb34c28f22e8b96e1ab97ce403110664 -> 
  custom:video-decoder-webm-vp8: 9c59270c3fd7afecdb556c50c9e8de78 -> 
  custom:audio-decoder-ogg-vorbis: bf7c407c2cedff20999df2af8eb42d56 -> 
  custom:audio-encoder-webm-vorbis: bf7c407c2cedff20999df2af8eb42d56 -> 
========================================================================
Received Import Request.
  Time since last request: 137.913087 seconds.
  path: Assets/Animations/Clips/Event/Roll.anim
  artifactKey: Guid(474ad98232401cd468e62c70ce72f67d) Importer(815301076,1909f56bfc062723c751e8b465ee728b)
Start importing Assets/Animations/Clips/Event/Roll.anim using Guid(474ad98232401cd468e62c70ce72f67d) Importer(815301076,1909f56bfc062723c751e8b465ee728b)  -> (artifact id: '9e32d3b722b4473559dfd82f17ad2dd2') in 0.067342 seconds 
  Import took 0.086056 seconds .

========================================================================
Received Prepare
Registering precompiled user dll's ...
Registered in 0.013900 seconds.
Begin MonoManager ReloadAssembly
Native extension for WindowsStandalone target not found
Refreshing native plugins compatible for Editor in 3.87 ms, found 2 plugins.
Preloading 0 native plugins for Editor in 0.00 ms.
Mono: successfully reloaded assembly
- Completed reload, in  3.885 seconds
Platform modules already initialized, skipping
Shader 'Universal Render Pipeline/Particles/Lit': fallback shader 'Universal Render Pipeline/Particles/SimpleLit' not found
Shader 'Universal Render Pipeline/Particles/Lit': fallback shader 'Universal Render Pipeline/Particles/SimpleLit' not found
Refreshing native plugins compatible for Editor in 2.11 ms, found 2 plugins.
Preloading 0 native plugins for Editor in 0.00 ms.
Unloading 2997 Unused Serialized files (Serialized files now loaded: 0)
System memory in use before: 187.1 MB.
System memory in use after: 184.3 MB.

Unloading 59 unused Assets to reduce memory usage. Loaded Objects now: 3804.
Total: 21.513400 ms (FindLiveObjects: 1.649000 ms CreateObjectMapping: 0.914600 ms MarkObjects: 9.546700 ms  DeleteObjects: 9.398600 ms)

AssetImportParameters requested are different than current active one (requested -> active):
  custom:framework-win-MediaFoundation: 216162199b28c13a410421893ffa2e32 -> 
  custom:video-decoder-ogg-theora: a1e56fd34408186e4bbccfd4996cb3dc -> 
  custom:container-muxer-webm: aa71ff27fc2769a1b78a27578f13a17b -> 
  custom:container-demuxer-webm: 4f35f7cbe854078d1ac9338744f61a02 -> 
  custom:container-demuxer-ogg: 62fdf1f143b41e24485cea50d1cbac27 -> 
  custom:video-encoder-webm-vp8: eb34c28f22e8b96e1ab97ce403110664 -> 
  custom:video-decoder-webm-vp8: 9c59270c3fd7afecdb556c50c9e8de78 -> 
  custom:audio-decoder-ogg-vorbis: bf7c407c2cedff20999df2af8eb42d56 -> 
  custom:audio-encoder-webm-vorbis: bf7c407c2cedff20999df2af8eb42d56 -> 
========================================================================
Received Import Request.
  Time since last request: 1173.220755 seconds.
  path: Assets/Animations/Clips/Event/Fall To Roll On Place.fbx
  artifactKey: Guid(fcd9384669b4e764bb8a33a7f590d259) Importer(815301076,1909f56bfc062723c751e8b465ee728b)
Start importing Assets/Animations/Clips/Event/Fall To Roll On Place.fbx using Guid(fcd9384669b4e764bb8a33a7f590d259) Importer(815301076,1909f56bfc062723c751e8b465ee728b)  -> (artifact id: '8923dadb0021916175c949077ab18cc0') in 0.582879 seconds 
  Import took 0.598643 seconds .

========================================================================
Received Import Request.
  Time since last request: 10.077119 seconds.
  path: Assets/Animations/Clips/Event/Fall To Roll On Place.fbx
  artifactKey: Guid(fcd9384669b4e764bb8a33a7f590d259) Importer(815301076,1909f56bfc062723c751e8b465ee728b)
Start importing Assets/Animations/Clips/Event/Fall To Roll On Place.fbx using Guid(fcd9384669b4e764bb8a33a7f590d259) Importer(815301076,1909f56bfc062723c751e8b465ee728b)  -> (artifact id: '5803c7cda3b43f76317a83c6ff274eb7') in 0.218947 seconds 
  Import took 0.234916 seconds .

========================================================================
Received Import Request.
  Time since last request: 55.308452 seconds.
  path: Assets/Animations/Clips/Event/Fall To Roll On Place.fbx
  artifactKey: Guid(fcd9384669b4e764bb8a33a7f590d259) Importer(815301076,1909f56bfc062723c751e8b465ee728b)
Start importing Assets/Animations/Clips/Event/Fall To Roll On Place.fbx using Guid(fcd9384669b4e764bb8a33a7f590d259) Importer(815301076,1909f56bfc062723c751e8b465ee728b)  -> (artifact id: '9b9f7e5e67d9d4fa2161646632daec89') in 0.249918 seconds 
  Import took 0.309886 seconds .

========================================================================
Received Import Request.
  Time since last request: 60.135767 seconds.
  path: Assets/PlayerMaterial.physicsMaterial2D
  artifactKey: Guid(c34eb225ac06aae4694fb53ae4c3a94e) Importer(815301076,1909f56bfc062723c751e8b465ee728b)
Start importing Assets/PlayerMaterial.physicsMaterial2D using Guid(c34eb225ac06aae4694fb53ae4c3a94e) Importer(815301076,1909f56bfc062723c751e8b465ee728b)  -> (artifact id: '3310c88a7e3cf43e59093df409d044be') in 0.027681 seconds 
  Import took 0.043853 seconds .

========================================================================
Received Prepare
Registering precompiled user dll's ...
Registered in 0.015551 seconds.
Begin MonoManager ReloadAssembly
Native extension for WindowsStandalone target not found
Refreshing native plugins compatible for Editor in 2.69 ms, found 2 plugins.
Preloading 0 native plugins for Editor in 0.00 ms.
Mono: successfully reloaded assembly
- Completed reload, in  3.125 seconds
Platform modules already initialized, skipping
Shader 'Universal Render Pipeline/Particles/Lit': fallback shader 'Universal Render Pipeline/Particles/SimpleLit' not found
Shader 'Universal Render Pipeline/Particles/Lit': fallback shader 'Universal Render Pipeline/Particles/SimpleLit' not found
Refreshing native plugins compatible for Editor in 2.09 ms, found 2 plugins.
Preloading 0 native plugins for Editor in 0.00 ms.
Unloading 2997 Unused Serialized files (Serialized files now loaded: 0)
System memory in use before: 187.3 MB.
System memory in use after: 184.4 MB.

Unloading 59 unused Assets to reduce memory usage. Loaded Objects now: 3843.
Total: 13.259600 ms (FindLiveObjects: 0.861500 ms CreateObjectMapping: 0.352000 ms MarkObjects: 5.903700 ms  DeleteObjects: 6.138900 ms)

AssetImportParameters requested are different than current active one (requested -> active):
  custom:framework-win-MediaFoundation: 216162199b28c13a410421893ffa2e32 -> 
  custom:video-decoder-ogg-theora: a1e56fd34408186e4bbccfd4996cb3dc -> 
  custom:container-muxer-webm: aa71ff27fc2769a1b78a27578f13a17b -> 
  custom:container-demuxer-webm: 4f35f7cbe854078d1ac9338744f61a02 -> 
  custom:container-demuxer-ogg: 62fdf1f143b41e24485cea50d1cbac27 -> 
  custom:video-encoder-webm-vp8: eb34c28f22e8b96e1ab97ce403110664 -> 
  custom:video-decoder-webm-vp8: 9c59270c3fd7afecdb556c50c9e8de78 -> 
  custom:audio-decoder-ogg-vorbis: bf7c407c2cedff20999df2af8eb42d56 -> 
  custom:audio-encoder-webm-vorbis: bf7c407c2cedff20999df2af8eb42d56 -> 
========================================================================
Received Import Request.
  Time since last request: 81.275643 seconds.
  path: Assets/PlayerMaterial.physicsMaterial2D
  artifactKey: Guid(c34eb225ac06aae4694fb53ae4c3a94e) Importer(815301076,1909f56bfc062723c751e8b465ee728b)
Start importing Assets/PlayerMaterial.physicsMaterial2D using Guid(c34eb225ac06aae4694fb53ae4c3a94e) Importer(815301076,1909f56bfc062723c751e8b465ee728b)  -> (artifact id: '0d1d48b3e79ff4070d16307aeff26aaf') in 0.124349 seconds 
  Import took 0.138785 seconds .

========================================================================
Received Prepare
Registering precompiled user dll's ...
Registered in 0.073714 seconds.
Begin MonoManager ReloadAssembly
Native extension for WindowsStandalone target not found
Refreshing native plugins compatible for Editor in 2.09 ms, found 2 plugins.
Preloading 0 native plugins for Editor in 0.00 ms.
Mono: successfully reloaded assembly
- Completed reload, in  3.750 seconds
Platform modules already initialized, skipping
Shader 'Universal Render Pipeline/Particles/Lit': fallback shader 'Universal Render Pipeline/Particles/SimpleLit' not found
Shader 'Universal Render Pipeline/Particles/Lit': fallback shader 'Universal Render Pipeline/Particles/SimpleLit' not found
Refreshing native plugins compatible for Editor in 2.29 ms, found 2 plugins.
Preloading 0 native plugins for Editor in 0.00 ms.
Unloading 2997 Unused Serialized files (Serialized files now loaded: 0)
System memory in use before: 187.2 MB.
System memory in use after: 184.4 MB.

Unloading 59 unused Assets to reduce memory usage. Loaded Objects now: 3846.
Total: 16.895800 ms (FindLiveObjects: 1.013100 ms CreateObjectMapping: 0.516000 ms MarkObjects: 7.063800 ms  DeleteObjects: 8.298900 ms)

AssetImportParameters requested are different than current active one (requested -> active):
  custom:framework-win-MediaFoundation: 216162199b28c13a410421893ffa2e32 -> 
  custom:video-decoder-ogg-theora: a1e56fd34408186e4bbccfd4996cb3dc -> 
  custom:container-muxer-webm: aa71ff27fc2769a1b78a27578f13a17b -> 
  custom:container-demuxer-webm: 4f35f7cbe854078d1ac9338744f61a02 -> 
  custom:container-demuxer-ogg: 62fdf1f143b41e24485cea50d1cbac27 -> 
  custom:video-encoder-webm-vp8: eb34c28f22e8b96e1ab97ce403110664 -> 
  custom:video-decoder-webm-vp8: 9c59270c3fd7afecdb556c50c9e8de78 -> 
  custom:audio-decoder-ogg-vorbis: bf7c407c2cedff20999df2af8eb42d56 -> 
  custom:audio-encoder-webm-vorbis: bf7c407c2cedff20999df2af8eb42d56 -> 
========================================================================
Received Prepare
Registering precompiled user dll's ...
Registered in 0.020401 seconds.
Begin MonoManager ReloadAssembly
Native extension for WindowsStandalone target not found
Refreshing native plugins compatible for Editor in 5.55 ms, found 2 plugins.
Preloading 0 native plugins for Editor in 0.00 ms.
Mono: successfully reloaded assembly
- Completed reload, in 10.724 seconds
Platform modules already initialized, skipping
Shader 'Universal Render Pipeline/Particles/Lit': fallback shader 'Universal Render Pipeline/Particles/SimpleLit' not found
Shader 'Universal Render Pipeline/Particles/Lit': fallback shader 'Universal Render Pipeline/Particles/SimpleLit' not found
Refreshing native plugins compatible for Editor in 13.73 ms, found 2 plugins.
Preloading 0 native plugins for Editor in 0.00 ms.
Unloading 2997 Unused Serialized files (Serialized files now loaded: 0)
System memory in use before: 187.3 MB.
System memory in use after: 184.5 MB.

Unloading 59 unused Assets to reduce memory usage. Loaded Objects now: 3849.
Total: 51.035300 ms (FindLiveObjects: 1.503100 ms CreateObjectMapping: 0.738000 ms MarkObjects: 20.916600 ms  DeleteObjects: 27.872100 ms)

AssetImportParameters requested are different than current active one (requested -> active):
  custom:framework-win-MediaFoundation: 216162199b28c13a410421893ffa2e32 -> 
  custom:video-decoder-ogg-theora: a1e56fd34408186e4bbccfd4996cb3dc -> 
  custom:container-muxer-webm: aa71ff27fc2769a1b78a27578f13a17b -> 
  custom:container-demuxer-webm: 4f35f7cbe854078d1ac9338744f61a02 -> 
  custom:container-demuxer-ogg: 62fdf1f143b41e24485cea50d1cbac27 -> 
  custom:video-encoder-webm-vp8: eb34c28f22e8b96e1ab97ce403110664 -> 
  custom:video-decoder-webm-vp8: 9c59270c3fd7afecdb556c50c9e8de78 -> 
  custom:audio-decoder-ogg-vorbis: bf7c407c2cedff20999df2af8eb42d56 -> 
  custom:audio-encoder-webm-vorbis: bf7c407c2cedff20999df2af8eb42d56 -> 
========================================================================
Received Prepare
Registering precompiled user dll's ...
Registered in 0.080349 seconds.
Begin MonoManager ReloadAssembly
Native extension for WindowsStandalone target not found
Refreshing native plugins compatible for Editor in 13.85 ms, found 2 plugins.
Preloading 0 native plugins for Editor in 0.00 ms.
Mono: successfully reloaded assembly
- Completed reload, in 10.061 seconds
Platform modules already initialized, skipping
Shader 'Universal Render Pipeline/Particles/Lit': fallback shader 'Universal Render Pipeline/Particles/SimpleLit' not found
Shader 'Universal Render Pipeline/Particles/Lit': fallback shader 'Universal Render Pipeline/Particles/SimpleLit' not found
Refreshing native plugins compatible for Editor in 2.27 ms, found 2 plugins.
Preloading 0 native plugins for Editor in 0.00 ms.
Unloading 2997 Unused Serialized files (Serialized files now loaded: 0)
System memory in use before: 187.3 MB.
System memory in use after: 184.5 MB.

Unloading 59 unused Assets to reduce memory usage. Loaded Objects now: 3852.
Total: 14.522500 ms (FindLiveObjects: 1.334700 ms CreateObjectMapping: 0.395400 ms MarkObjects: 7.395200 ms  DeleteObjects: 5.393700 ms)

AssetImportParameters requested are different than current active one (requested -> active):
  custom:framework-win-MediaFoundation: 216162199b28c13a410421893ffa2e32 -> 
  custom:video-decoder-ogg-theora: a1e56fd34408186e4bbccfd4996cb3dc -> 
  custom:container-muxer-webm: aa71ff27fc2769a1b78a27578f13a17b -> 
  custom:container-demuxer-webm: 4f35f7cbe854078d1ac9338744f61a02 -> 
  custom:container-demuxer-ogg: 62fdf1f143b41e24485cea50d1cbac27 -> 
  custom:video-encoder-webm-vp8: eb34c28f22e8b96e1ab97ce403110664 -> 
  custom:video-decoder-webm-vp8: 9c59270c3fd7afecdb556c50c9e8de78 -> 
  custom:audio-decoder-ogg-vorbis: bf7c407c2cedff20999df2af8eb42d56 -> 
  custom:audio-encoder-webm-vorbis: bf7c407c2cedff20999df2af8eb42d56 -> 
========================================================================
Received Prepare
Registering precompiled user dll's ...
Registered in 0.021545 seconds.
Begin MonoManager ReloadAssembly
Native extension for WindowsStandalone target not found
Refreshing native plugins compatible for Editor in 3.31 ms, found 2 plugins.
Preloading 0 native plugins for Editor in 0.00 ms.
Mono: successfully reloaded assembly
- Completed reload, in 15.247 seconds
Platform modules already initialized, skipping
Shader 'Universal Render Pipeline/Particles/Lit': fallback shader 'Universal Render Pipeline/Particles/SimpleLit' not found
Shader 'Universal Render Pipeline/Particles/Lit': fallback shader 'Universal Render Pipeline/Particles/SimpleLit' not found
Refreshing native plugins compatible for Editor in 3.73 ms, found 2 plugins.
Preloading 0 native plugins for Editor in 0.00 ms.
Unloading 2997 Unused Serialized files (Serialized files now loaded: 0)
System memory in use before: 187.3 MB.
System memory in use after: 184.5 MB.

Unloading 59 unused Assets to reduce memory usage. Loaded Objects now: 3855.
Total: 43.833400 ms (FindLiveObjects: 1.407500 ms CreateObjectMapping: 0.586300 ms MarkObjects: 26.874300 ms  DeleteObjects: 14.958700 ms)

AssetImportParameters requested are different than current active one (requested -> active):
  custom:framework-win-MediaFoundation: 216162199b28c13a410421893ffa2e32 -> 
  custom:video-decoder-ogg-theora: a1e56fd34408186e4bbccfd4996cb3dc -> 
  custom:container-muxer-webm: aa71ff27fc2769a1b78a27578f13a17b -> 
  custom:container-demuxer-webm: 4f35f7cbe854078d1ac9338744f61a02 -> 
  custom:container-demuxer-ogg: 62fdf1f143b41e24485cea50d1cbac27 -> 
  custom:video-encoder-webm-vp8: eb34c28f22e8b96e1ab97ce403110664 -> 
  custom:video-decoder-webm-vp8: 9c59270c3fd7afecdb556c50c9e8de78 -> 
  custom:audio-decoder-ogg-vorbis: bf7c407c2cedff20999df2af8eb42d56 -> 
  custom:audio-encoder-webm-vorbis: bf7c407c2cedff20999df2af8eb42d56 -> 
========================================================================
Received Prepare
Registering precompiled user dll's ...
Registered in 0.045065 seconds.
Begin MonoManager ReloadAssembly
Native extension for WindowsStandalone target not found
Refreshing native plugins compatible for Editor in 16.35 ms, found 2 plugins.
Preloading 0 native plugins for Editor in 0.00 ms.
Mono: successfully reloaded assembly
- Completed reload, in 20.698 seconds
Platform modules already initialized, skipping
Shader 'Universal Render Pipeline/Particles/Lit': fallback shader 'Universal Render Pipeline/Particles/SimpleLit' not found
Shader 'Universal Render Pipeline/Particles/Lit': fallback shader 'Universal Render Pipeline/Particles/SimpleLit' not found
Refreshing native plugins compatible for Editor in 22.97 ms, found 2 plugins.
Preloading 0 native plugins for Editor in 0.00 ms.
Unloading 2997 Unused Serialized files (Serialized files now loaded: 0)
System memory in use before: 187.3 MB.
System memory in use after: 184.5 MB.

Unloading 59 unused Assets to reduce memory usage. Loaded Objects now: 3858.
Total: 62.657200 ms (FindLiveObjects: 3.036300 ms CreateObjectMapping: 0.731100 ms MarkObjects: 34.322300 ms  DeleteObjects: 24.560800 ms)

AssetImportParameters requested are different than current active one (requested -> active):
  custom:framework-win-MediaFoundation: 216162199b28c13a410421893ffa2e32 -> 
  custom:video-decoder-ogg-theora: a1e56fd34408186e4bbccfd4996cb3dc -> 
  custom:container-muxer-webm: aa71ff27fc2769a1b78a27578f13a17b -> 
  custom:container-demuxer-webm: 4f35f7cbe854078d1ac9338744f61a02 -> 
  custom:container-demuxer-ogg: 62fdf1f143b41e24485cea50d1cbac27 -> 
  custom:video-encoder-webm-vp8: eb34c28f22e8b96e1ab97ce403110664 -> 
  custom:video-decoder-webm-vp8: 9c59270c3fd7afecdb556c50c9e8de78 -> 
  custom:audio-decoder-ogg-vorbis: bf7c407c2cedff20999df2af8eb42d56 -> 
  custom:audio-encoder-webm-vorbis: bf7c407c2cedff20999df2af8eb42d56 -> 
========================================================================
Received Import Request.
  Time since last request: 610.403479 seconds.
  path: Assets/Animations/Clips/Event/Fall To Roll On Place.fbx
  artifactKey: Guid(fcd9384669b4e764bb8a33a7f590d259) Importer(815301076,1909f56bfc062723c751e8b465ee728b)
Start importing Assets/Animations/Clips/Event/Fall To Roll On Place.fbx using Guid(fcd9384669b4e764bb8a33a7f590d259) Importer(815301076,1909f56bfc062723c751e8b465ee728b)  -> (artifact id: 'f8821b2233df29eff0172ca27fb9fa56') in 3.872689 seconds 
  Import took 3.946013 seconds .

========================================================================
Received Prepare
Registering precompiled user dll's ...
Registered in 0.161027 seconds.
Begin MonoManager ReloadAssembly
Native extension for WindowsStandalone target not found
Refreshing native plugins compatible for Editor in 6.85 ms, found 2 plugins.
Preloading 0 native plugins for Editor in 0.00 ms.
Mono: successfully reloaded assembly
- Completed reload, in 14.226 seconds
Platform modules already initialized, skipping
Shader 'Universal Render Pipeline/Particles/Lit': fallback shader 'Universal Render Pipeline/Particles/SimpleLit' not found
Shader 'Universal Render Pipeline/Particles/Lit': fallback shader 'Universal Render Pipeline/Particles/SimpleLit' not found
Refreshing native plugins compatible for Editor in 2.14 ms, found 2 plugins.
Preloading 0 native plugins for Editor in 0.00 ms.
Unloading 2997 Unused Serialized files (Serialized files now loaded: 0)
System memory in use before: 187.5 MB.
System memory in use after: 184.7 MB.

Unloading 59 unused Assets to reduce memory usage. Loaded Objects now: 3897.
Total: 11.581100 ms (FindLiveObjects: 0.857600 ms CreateObjectMapping: 0.397900 ms MarkObjects: 5.687300 ms  DeleteObjects: 4.635500 ms)

AssetImportParameters requested are different than current active one (requested -> active):
  custom:framework-win-MediaFoundation: 216162199b28c13a410421893ffa2e32 -> 
  custom:video-decoder-ogg-theora: a1e56fd34408186e4bbccfd4996cb3dc -> 
  custom:container-muxer-webm: aa71ff27fc2769a1b78a27578f13a17b -> 
  custom:container-demuxer-webm: 4f35f7cbe854078d1ac9338744f61a02 -> 
  custom:container-demuxer-ogg: 62fdf1f143b41e24485cea50d1cbac27 -> 
  custom:video-encoder-webm-vp8: eb34c28f22e8b96e1ab97ce403110664 -> 
  custom:video-decoder-webm-vp8: 9c59270c3fd7afecdb556c50c9e8de78 -> 
  custom:audio-decoder-ogg-vorbis: bf7c407c2cedff20999df2af8eb42d56 -> 
  custom:audio-encoder-webm-vorbis: bf7c407c2cedff20999df2af8eb42d56 -> 
========================================================================
Received Import Request.
  Time since last request: 2732.089470 seconds.
  path: Assets/Animations/Clips/Event/Dive Roll Fixed.fbx
  artifactKey: Guid(65d537ea3ec94ce449e15e390680d21e) Importer(815301076,1909f56bfc062723c751e8b465ee728b)
Start importing Assets/Animations/Clips/Event/Dive Roll Fixed.fbx using Guid(65d537ea3ec94ce449e15e390680d21e) Importer(815301076,1909f56bfc062723c751e8b465ee728b)  -> (artifact id: '80c6dba8354fdb89292a6da13e63ca83') in 0.608678 seconds 
  Import took 0.680208 seconds .

========================================================================
Received Import Request.
  Time since last request: 14.814987 seconds.
  path: Assets/Animations/Clips/Event/Dive Roll Fixed.fbx
  artifactKey: Guid(65d537ea3ec94ce449e15e390680d21e) Importer(815301076,1909f56bfc062723c751e8b465ee728b)
Start importing Assets/Animations/Clips/Event/Dive Roll Fixed.fbx using Guid(65d537ea3ec94ce449e15e390680d21e) Importer(815301076,1909f56bfc062723c751e8b465ee728b)  -> (artifact id: 'cbd89d5febb0bd12b0a1d2ba8943f368') in 0.208190 seconds 
  Import took 0.266322 seconds .

========================================================================
Received Import Request.
  Time since last request: 8.501060 seconds.
  path: Assets/Animations/Clips/Event/Dive Roll Fixed.fbx
  artifactKey: Guid(65d537ea3ec94ce449e15e390680d21e) Importer(815301076,1909f56bfc062723c751e8b465ee728b)
Start importing Assets/Animations/Clips/Event/Dive Roll Fixed.fbx using Guid(65d537ea3ec94ce449e15e390680d21e) Importer(815301076,1909f56bfc062723c751e8b465ee728b)  -> (artifact id: 'ab36293e4a39a8074bf0c82dffe57dec') in 0.212690 seconds 
  Import took 0.264959 seconds .

========================================================================
Received Import Request.
  Time since last request: 13.434806 seconds.
  path: Assets/Animations/Clips/Event/Roll.anim
  artifactKey: Guid(474ad98232401cd468e62c70ce72f67d) Importer(815301076,1909f56bfc062723c751e8b465ee728b)
Start importing Assets/Animations/Clips/Event/Roll.anim using Guid(474ad98232401cd468e62c70ce72f67d) Importer(815301076,1909f56bfc062723c751e8b465ee728b)  -> (artifact id: '2687f75cdc89a123811e9afaddc39d03') in 0.182384 seconds 
  Import took 0.199087 seconds .

========================================================================
Received Import Request.
  Time since last request: 128.310469 seconds.
  path: Assets/ImportedAssets/PolygonPrototype/Models/Character_FPSHands_01.fbx
  artifactKey: Guid(3c34d2567f522774bb262a3cfdbc15ae) Importer(815301076,1909f56bfc062723c751e8b465ee728b)
Start importing Assets/ImportedAssets/PolygonPrototype/Models/Character_FPSHands_01.fbx using Guid(3c34d2567f522774bb262a3cfdbc15ae) Importer(815301076,1909f56bfc062723c751e8b465ee728b)  -> (artifact id: '9c6df3514426621208ae5889ef99c2c8') in 0.459989 seconds 
  Import took 0.544077 seconds .

========================================================================
Received Import Request.
  Time since last request: 0.000110 seconds.
  path: Assets/ImportedAssets/PolygonPrototype/Models/FOV.fbx
  artifactKey: Guid(6c71607f5442ec140a9649456733c939) Importer(815301076,1909f56bfc062723c751e8b465ee728b)
Start importing Assets/ImportedAssets/PolygonPrototype/Models/FOV.fbx using Guid(6c71607f5442ec140a9649456733c939) Importer(815301076,1909f56bfc062723c751e8b465ee728b)  -> (artifact id: '369bfeb439491590a3df7f1f39078d45') in 0.140514 seconds 
  Import took 0.175779 seconds .

========================================================================
Received Import Request.
  Time since last request: 0.000995 seconds.
  path: Assets/ImportedAssets/PolygonPrototype/Models/SM_Buildings_FloorAngle_2x2_01.fbx
  artifactKey: Guid(5718d656de0048e4695d21aa67507aea) Importer(815301076,1909f56bfc062723c751e8b465ee728b)
Start importing Assets/ImportedAssets/PolygonPrototype/Models/SM_Buildings_FloorAngle_2x2_01.fbx using Guid(5718d656de0048e4695d21aa67507aea) Importer(815301076,1909f56bfc062723c751e8b465ee728b)  -> (artifact id: '2b08a6079acf23142fb54c1297eb461d') in 0.102741 seconds 
  Import took 0.129231 seconds .

========================================================================
Received Import Request.
  Time since last request: 0.000585 seconds.
  path: Assets/ImportedAssets/PolygonPrototype/Models/SM_Buildings_Block_1x1_01.fbx
  artifactKey: Guid(caed417d0c17a134696ff2ef8b52a764) Importer(815301076,1909f56bfc062723c751e8b465ee728b)
Start importing Assets/ImportedAssets/PolygonPrototype/Models/SM_Buildings_Block_1x1_01.fbx using Guid(caed417d0c17a134696ff2ef8b52a764) Importer(815301076,1909f56bfc062723c751e8b465ee728b)  -> (artifact id: 'b0e7ebedb753c067dce1475dd0e99e08') in 0.108753 seconds 
  Import took 0.143365 seconds .

========================================================================
Received Import Request.
  Time since last request: 0.000826 seconds.
  path: Assets/ImportedAssets/PolygonPrototype/Models/SM_Buildings_Floor_2x2_01P.fbx
  artifactKey: Guid(9f00cae941aaaa142ade9d9171b47d06) Importer(815301076,1909f56bfc062723c751e8b465ee728b)
Start importing Assets/ImportedAssets/PolygonPrototype/Models/SM_Buildings_Floor_2x2_01P.fbx using Guid(9f00cae941aaaa142ade9d9171b47d06) Importer(815301076,1909f56bfc062723c751e8b465ee728b)  -> (artifact id: '9440a5d2e0f4206f7e83a784921c9583') in 0.206620 seconds 
  Import took 0.237015 seconds .

========================================================================
Received Import Request.
  Time since last request: 0.000131 seconds.
  path: Assets/ImportedAssets/PolygonPrototype/Models/SM_Buildings_Column_2x3_01.fbx
  artifactKey: Guid(b45e496b386039141af15f243dd3ac22) Importer(815301076,1909f56bfc062723c751e8b465ee728b)
Start importing Assets/ImportedAssets/PolygonPrototype/Models/SM_Buildings_Column_2x3_01.fbx using Guid(b45e496b386039141af15f243dd3ac22) Importer(815301076,1909f56bfc062723c751e8b465ee728b)  -> (artifact id: '8221c640c86f4f3a5f4fabc70ab217cd') in 0.088139 seconds 
  Import took 0.117189 seconds .

========================================================================
Received Import Request.
  Time since last request: 0.006360 seconds.
  path: Assets/ImportedAssets/PolygonPrototype/Models/Character_FPSHands_02.fbx
  artifactKey: Guid(dacb33b4a6c2e3e4486be79c593a23e4) Importer(815301076,1909f56bfc062723c751e8b465ee728b)
Start importing Assets/ImportedAssets/PolygonPrototype/Models/Character_FPSHands_02.fbx using Guid(dacb33b4a6c2e3e4486be79c593a23e4) Importer(815301076,1909f56bfc062723c751e8b465ee728b)  -> (artifact id: '37f18265f3d237eb2dca354ca75f4be2') in 0.420497 seconds 
  Import took 0.441092 seconds .

========================================================================
Received Import Request.
  Time since last request: 0.009067 seconds.
  path: Assets/ImportedAssets/PolygonPrototype/Models/SM_Buildings_FloorAngle_1x1_01.fbx
  artifactKey: Guid(27251a3b0808c064a89b5b5b34aa6674) Importer(815301076,1909f56bfc062723c751e8b465ee728b)
Start importing Assets/ImportedAssets/PolygonPrototype/Models/SM_Buildings_FloorAngle_1x1_01.fbx using Guid(27251a3b0808c064a89b5b5b34aa6674) Importer(815301076,1909f56bfc062723c751e8b465ee728b)  -> (artifact id: '0a07959468c28d0a279486f63b28291c') in 0.108506 seconds 
  Import took 0.145307 seconds .

========================================================================
Received Import Request.
  Time since last request: 0.000432 seconds.
  path: Assets/ImportedAssets/PolygonPrototype/Models/Character_FPSHands_02.fbx
  artifactKey: Guid(dacb33b4a6c2e3e4486be79c593a23e4) Importer(815301076,1909f56bfc062723c751e8b465ee728b)
Start importing Assets/ImportedAssets/PolygonPrototype/Models/Character_FPSHands_02.fbx using Guid(dacb33b4a6c2e3e4486be79c593a23e4) Importer(815301076,1909f56bfc062723c751e8b465ee728b)  -> (artifact id: '37f18265f3d237eb2dca354ca75f4be2') in 0.350320 seconds 
  Import took 0.393801 seconds .

========================================================================
Received Import Request.
  Time since last request: 0.000120 seconds.
  path: Assets/ImportedAssets/PolygonPrototype/Models/SM_Buildings_Block_1x1_02.fbx
  artifactKey: Guid(d6432d0969107d640bf77b6507ea972d) Importer(815301076,1909f56bfc062723c751e8b465ee728b)
Start importing Assets/ImportedAssets/PolygonPrototype/Models/SM_Buildings_Block_1x1_02.fbx using Guid(d6432d0969107d640bf77b6507ea972d) Importer(815301076,1909f56bfc062723c751e8b465ee728b)  -> (artifact id: '096d636c4153533cdb77b81f168f4ca3') in 0.093061 seconds 
  Import took 0.121747 seconds .

========================================================================
Received Import Request.
  Time since last request: 0.000903 seconds.
  path: Assets/ImportedAssets/PolygonPrototype/Models/SM_Buildings_Column_2x3_01P.fbx
  artifactKey: Guid(e939321fba13eac4e8154147baf7b90f) Importer(815301076,1909f56bfc062723c751e8b465ee728b)
Start importing Assets/ImportedAssets/PolygonPrototype/Models/SM_Buildings_Column_2x3_01P.fbx using Guid(e939321fba13eac4e8154147baf7b90f) Importer(815301076,1909f56bfc062723c751e8b465ee728b)  -> (artifact id: '8535c62462d666dff85635cd738608c7') in 0.117235 seconds 
  Import took 0.165855 seconds .

========================================================================
Received Import Request.
  Time since last request: 0.000599 seconds.
  path: Assets/ImportedAssets/PolygonPrototype/Models/SM_Buildings_Door_01P.fbx
  artifactKey: Guid(8dd0cf6ebf9ba9b4fb214e7bf6bda493) Importer(815301076,1909f56bfc062723c751e8b465ee728b)
Start importing Assets/ImportedAssets/PolygonPrototype/Models/SM_Buildings_Door_01P.fbx using Guid(8dd0cf6ebf9ba9b4fb214e7bf6bda493) Importer(815301076,1909f56bfc062723c751e8b465ee728b)  -> (artifact id: 'c12b3402ce39b8f732a5d28dfcf76669') in 0.079181 seconds 
  Import took 0.111654 seconds .

========================================================================
Received Import Request.
  Time since last request: 0.007012 seconds.
  path: Assets/ImportedAssets/PolygonPrototype/Models/SM_Buildings_Column_1x3_01P.fbx
  artifactKey: Guid(2efeb3cf1e1bb324ea1451eb66da2407) Importer(815301076,1909f56bfc062723c751e8b465ee728b)
Start importing Assets/ImportedAssets/PolygonPrototype/Models/SM_Buildings_Column_1x3_01P.fbx using Guid(2efeb3cf1e1bb324ea1451eb66da2407) Importer(815301076,1909f56bfc062723c751e8b465ee728b)  -> (artifact id: '19505abb49252601a19379dedd1ed189') in 0.083913 seconds 
  Import took 0.105151 seconds .

========================================================================
Received Import Request.
  Time since last request: 0.002233 seconds.
  path: Assets/ImportedAssets/PolygonPrototype/Models/SM_Buildings_FloorAngle_1x1_01P.fbx
  artifactKey: Guid(4984bd6409c68b741b7d860318f764e3) Importer(815301076,1909f56bfc062723c751e8b465ee728b)
Start importing Assets/ImportedAssets/PolygonPrototype/Models/SM_Buildings_FloorAngle_1x1_01P.fbx using Guid(4984bd6409c68b741b7d860318f764e3) Importer(815301076,1909f56bfc062723c751e8b465ee728b)  -> (artifact id: 'd38ccf7daa7b8fb7056b61a25ffb708c') in 0.092328 seconds 
  Import took 0.138284 seconds .

========================================================================
Received Import Request.
  Time since last request: 0.001847 seconds.
  path: Assets/ImportedAssets/PolygonPrototype/Models/Characters.fbx
  artifactKey: Guid(b5f71c859f9f9bf41badda8a4650082c) Importer(815301076,1909f56bfc062723c751e8b465ee728b)
Start importing Assets/ImportedAssets/PolygonPrototype/Models/Characters.fbx using Guid(b5f71c859f9f9bf41badda8a4650082c) Importer(815301076,1909f56bfc062723c751e8b465ee728b)  -> (artifact id: 'a516ba41feb6bdab64533d5f40d35286') in 0.483865 seconds 
  Import took 0.517756 seconds .

========================================================================
Received Import Request.
  Time since last request: 0.000482 seconds.
  path: Assets/ImportedAssets/PolygonPrototype/Models/SM_Buildings_Floor_1x1_01.fbx
  artifactKey: Guid(bef96b6e1cd37444fa6937ae99361014) Importer(815301076,1909f56bfc062723c751e8b465ee728b)
Start importing Assets/ImportedAssets/PolygonPrototype/Models/SM_Buildings_Floor_1x1_01.fbx using Guid(bef96b6e1cd37444fa6937ae99361014) Importer(815301076,1909f56bfc062723c751e8b465ee728b)  -> (artifact id: '681d81c1089661043ff90a88fabf117c') in 0.177742 seconds 
  Import took 0.245844 seconds .

========================================================================
Received Import Request.
  Time since last request: 0.002335 seconds.
  path: Assets/ImportedAssets/PolygonPrototype/Models/Characters.fbx
  artifactKey: Guid(b5f71c859f9f9bf41badda8a4650082c) Importer(815301076,1909f56bfc062723c751e8b465ee728b)
Start importing Assets/ImportedAssets/PolygonPrototype/Models/Characters.fbx using Guid(b5f71c859f9f9bf41badda8a4650082c) Importer(815301076,1909f56bfc062723c751e8b465ee728b)  -> (artifact id: 'a516ba41feb6bdab64533d5f40d35286') in 0.366950 seconds 
  Import took 0.401185 seconds .

========================================================================
Received Import Request.
  Time since last request: 0.000513 seconds.
  path: Assets/ImportedAssets/PolygonPrototype/Models/SM_Buildings_DoorFrame_01.fbx
  artifactKey: Guid(c7bd79f25c690294f893f8905d2264f5) Importer(815301076,1909f56bfc062723c751e8b465ee728b)
Start importing Assets/ImportedAssets/PolygonPrototype/Models/SM_Buildings_DoorFrame_01.fbx using Guid(c7bd79f25c690294f893f8905d2264f5) Importer(815301076,1909f56bfc062723c751e8b465ee728b)  -> (artifact id: 'e8646f4a41ed3a4ce4a5a3d7df893c38') in 0.070721 seconds 
  Import took 0.104020 seconds .

========================================================================
Received Import Request.
  Time since last request: 0.000553 seconds.
  path: Assets/ImportedAssets/PolygonPrototype/Models/SM_Buildings_Column_1x3_01.fbx
  artifactKey: Guid(f75e2e3dd3c0f7847b6e3d95f101e29a) Importer(815301076,1909f56bfc062723c751e8b465ee728b)
Start importing Assets/ImportedAssets/PolygonPrototype/Models/SM_Buildings_Column_1x3_01.fbx using Guid(f75e2e3dd3c0f7847b6e3d95f101e29a) Importer(815301076,1909f56bfc062723c751e8b465ee728b)  -> (artifact id: 'b34918ccc7d664266bf7023473dd42f8') in 0.178344 seconds 
  Import took 0.195535 seconds .

========================================================================
Received Import Request.
  Time since last request: 0.000145 seconds.
  path: Assets/ImportedAssets/PolygonPrototype/Models/SM_Buildings_Door_01.fbx
  artifactKey: Guid(c65f1edc3379dbf448438ab0b5e0292a) Importer(815301076,1909f56bfc062723c751e8b465ee728b)
Start importing Assets/ImportedAssets/PolygonPrototype/Models/SM_Buildings_Door_01.fbx using Guid(c65f1edc3379dbf448438ab0b5e0292a) Importer(815301076,1909f56bfc062723c751e8b465ee728b)  -> (artifact id: 'a9ea117a09ce453a9db2ab9ffc810783') in 0.089336 seconds 
  Import took 0.124183 seconds .

========================================================================
Received Import Request.
  Time since last request: 0.013218 seconds.
  path: Assets/ImportedAssets/PolygonPrototype/Models/SM_Buildings_FloorAngle_5x5_01.fbx
  artifactKey: Guid(f16a5273d4eb0ed49b1700bbd23d4876) Importer(815301076,1909f56bfc062723c751e8b465ee728b)
Start importing Assets/ImportedAssets/PolygonPrototype/Models/SM_Buildings_FloorAngle_5x5_01.fbx using Guid(f16a5273d4eb0ed49b1700bbd23d4876) Importer(815301076,1909f56bfc062723c751e8b465ee728b)  -> (artifact id: 'c8eb2ba7c06bb2d34c8c126dfe29f0d1') in 0.137840 seconds 
  Import took 0.154515 seconds .

========================================================================
Received Import Request.
  Time since last request: 0.000403 seconds.
  path: Assets/ImportedAssets/PolygonPrototype/Models/Character_FPSHands_01.fbx
  artifactKey: Guid(3c34d2567f522774bb262a3cfdbc15ae) Importer(815301076,1909f56bfc062723c751e8b465ee728b)
Start importing Assets/ImportedAssets/PolygonPrototype/Models/Character_FPSHands_01.fbx using Guid(3c34d2567f522774bb262a3cfdbc15ae) Importer(815301076,1909f56bfc062723c751e8b465ee728b)  -> (artifact id: '9c6df3514426621208ae5889ef99c2c8') in 0.244059 seconds 
  Import took 0.280446 seconds .

========================================================================
Received Import Request.
  Time since last request: 0.000183 seconds.
  path: Assets/ImportedAssets/PolygonPrototype/Models/SM_Buildings_Floor_1x1_01P.fbx
  artifactKey: Guid(a967d43d87a0d7e468908e6ff4645e71) Importer(815301076,1909f56bfc062723c751e8b465ee728b)
Start importing Assets/ImportedAssets/PolygonPrototype/Models/SM_Buildings_Floor_1x1_01P.fbx using Guid(a967d43d87a0d7e468908e6ff4645e71) Importer(815301076,1909f56bfc062723c751e8b465ee728b)  -> (artifact id: 'd235232636618481a35ffd509b794fda') in 0.107239 seconds 
  Import took 0.129115 seconds .

========================================================================
Received Import Request.
  Time since last request: 0.000434 seconds.
  path: Assets/ImportedAssets/PolygonPrototype/Models/SM_Buildings_DoorFrame_01P.fbx
  artifactKey: Guid(53c270d943ecb814ebf270977caf95a6) Importer(815301076,1909f56bfc062723c751e8b465ee728b)
Start importing Assets/ImportedAssets/PolygonPrototype/Models/SM_Buildings_DoorFrame_01P.fbx using Guid(53c270d943ecb814ebf270977caf95a6) Importer(815301076,1909f56bfc062723c751e8b465ee728b)  -> (artifact id: '8c4492d2cfcbe6bec8365396c3df47fb') in 0.085444 seconds 
  Import took 0.122605 seconds .

========================================================================
Received Import Request.
  Time since last request: 0.000143 seconds.
  path: Assets/ImportedAssets/PolygonPrototype/Models/SM_Buildings_Block_1x1_01P.fbx
  artifactKey: Guid(4271e1f51cf274c499b8283b04da0c03) Importer(815301076,1909f56bfc062723c751e8b465ee728b)
Start importing Assets/ImportedAssets/PolygonPrototype/Models/SM_Buildings_Block_1x1_01P.fbx using Guid(4271e1f51cf274c499b8283b04da0c03) Importer(815301076,1909f56bfc062723c751e8b465ee728b)  -> (artifact id: '1bbf6606840c288e5314f0103a898afa') in 0.158443 seconds 
  Import took 0.206299 seconds .

========================================================================
Received Import Request.
  Time since last request: 0.000389 seconds.
  path: Assets/ImportedAssets/PolygonPrototype/Models/SM_Buildings_Floor_2x2_01.fbx
  artifactKey: Guid(65ebb9950643af640a5070a9367992d1) Importer(815301076,1909f56bfc062723c751e8b465ee728b)
Start importing Assets/ImportedAssets/PolygonPrototype/Models/SM_Buildings_Floor_2x2_01.fbx using Guid(65ebb9950643af640a5070a9367992d1) Importer(815301076,1909f56bfc062723c751e8b465ee728b)  -> (artifact id: '05a08a881d1b765fc655a14334db344a') in 0.108411 seconds 
  Import took 0.124165 seconds .

========================================================================
Received Import Request.
  Time since last request: 0.001896 seconds.
  path: Assets/ImportedAssets/PolygonPrototype/Models/SM_Buildings_Floor_5x5_01P.fbx
  artifactKey: Guid(dd9a02aea57eba148b3b2a1404bf194f) Importer(815301076,1909f56bfc062723c751e8b465ee728b)
Start importing Assets/ImportedAssets/PolygonPrototype/Models/SM_Buildings_Floor_5x5_01P.fbx using Guid(dd9a02aea57eba148b3b2a1404bf194f) Importer(815301076,1909f56bfc062723c751e8b465ee728b)  -> (artifact id: '267772d32eeec82132eea349fc807fde') in 0.147419 seconds 
  Import took 0.172331 seconds .

========================================================================
Received Import Request.
  Time since last request: 0.000405 seconds.
  path: Assets/ImportedAssets/PolygonPrototype/Models/SM_Buildings_Floor_5x5_01.fbx
  artifactKey: Guid(1814c5a2e1817d745a0616837e37dd7b) Importer(815301076,1909f56bfc062723c751e8b465ee728b)
Start importing Assets/ImportedAssets/PolygonPrototype/Models/SM_Buildings_Floor_5x5_01.fbx using Guid(1814c5a2e1817d745a0616837e37dd7b) Importer(815301076,1909f56bfc062723c751e8b465ee728b)  -> (artifact id: '0343097d2d8d5fdf9edf500a9538b5db') in 0.081639 seconds 
  Import took 0.116296 seconds .

========================================================================
Received Import Request.
  Time since last request: 0.001159 seconds.
  path: Assets/ImportedAssets/PolygonPrototype/Models/SM_Buildings_FloorAngle_2x2_01P.fbx
  artifactKey: Guid(f6345c5ffba7efc4eb81aef2671a8761) Importer(815301076,1909f56bfc062723c751e8b465ee728b)
Start importing Assets/ImportedAssets/PolygonPrototype/Models/SM_Buildings_FloorAngle_2x2_01P.fbx using Guid(f6345c5ffba7efc4eb81aef2671a8761) Importer(815301076,1909f56bfc062723c751e8b465ee728b)  -> (artifact id: '3f52c508253b4926c1810676ca3eafb1') in 0.106686 seconds 
  Import took 0.139068 seconds .

========================================================================
Received Import Request.
  Time since last request: 0.000618 seconds.
  path: Assets/ImportedAssets/PolygonPrototype/Models/SM_Buildings_Floor_5x5_01.fbx
  artifactKey: Guid(1814c5a2e1817d745a0616837e37dd7b) Importer(815301076,1909f56bfc062723c751e8b465ee728b)
Start importing Assets/ImportedAssets/PolygonPrototype/Models/SM_Buildings_Floor_5x5_01.fbx using Guid(1814c5a2e1817d745a0616837e37dd7b) Importer(815301076,1909f56bfc062723c751e8b465ee728b)  -> (artifact id: '0343097d2d8d5fdf9edf500a9538b5db') in 0.084804 seconds 
  Import took 0.108515 seconds .

========================================================================
Received Import Request.
  Time since last request: 816.425553 seconds.
  path: Assets/Animations/Clips/Event/Body.controller
  artifactKey: Guid(c3a2a2c6df0ad194e8d7cf3beca48f7f) Importer(815301076,1909f56bfc062723c751e8b465ee728b)
Start importing Assets/Animations/Clips/Event/Body.controller using Guid(c3a2a2c6df0ad194e8d7cf3beca48f7f) Importer(815301076,1909f56bfc062723c751e8b465ee728b)  -> (artifact id: '378d8b0f626592b70048e5d43b846ac1') in 0.057716 seconds 
  Import took 0.074951 seconds .

========================================================================
Received Import Request.
  Time since last request: 23.760721 seconds.
  path: Assets/Animations/Clips/Event/Dive Roll Fixed.fbx
  artifactKey: Guid(65d537ea3ec94ce449e15e390680d21e) Importer(815301076,1909f56bfc062723c751e8b465ee728b)
Start importing Assets/Animations/Clips/Event/Dive Roll Fixed.fbx using Guid(65d537ea3ec94ce449e15e390680d21e) Importer(815301076,1909f56bfc062723c751e8b465ee728b)  -> (artifact id: '77315adf8a354d2aac36dd0d9d057f8a') in 0.214016 seconds 
  Import took 0.245768 seconds .

========================================================================
Received Import Request.
  Time since last request: 38.269754 seconds.
  path: Assets/Animations/Clips/Event/Roll.anim
  artifactKey: Guid(474ad98232401cd468e62c70ce72f67d) Importer(815301076,1909f56bfc062723c751e8b465ee728b)
Start importing Assets/Animations/Clips/Event/Roll.anim using Guid(474ad98232401cd468e62c70ce72f67d) Importer(815301076,1909f56bfc062723c751e8b465ee728b)  -> (artifact id: '466f5ddf564bff8e1fe91a534002c527') in 0.244153 seconds 
  Import took 0.260445 seconds .

